#
# There is insufficient memory for the Java Runtime Environment to continue.
# Native memory allocation (malloc) failed to allocate 1131776 bytes for Chunk::new
# Possible reasons:
#   The system is out of physical RAM or swap space
#   The process is running with CompressedOops enabled, and the Java Heap may be blocking the growth of the native heap
# Possible solutions:
#   Reduce memory load on the system
#   Increase physical memory or swap space
#   Check if swap backing store is full
#   Decrease Java heap size (-Xmx/-Xms)
#   Decrease number of Java threads
#   Decrease Java thread stack sizes (-Xss)
#   Set larger code cache with -XX:ReservedCodeCacheSize=
#   JVM is running with Unscaled Compressed Oops mode in which the Java heap is
#     placed in the first 4GB address space. The Java Heap base address is the
#     maximum limit for the native heap growth. Please use -XX:HeapBaseMinAddress
#     to set the Java Heap base and to place the Java Heap above 4GB virtual address.
# This output file may be truncated or incomplete.
#
#  Out of Memory Error (arena.cpp:189), pid=1908, tid=22840
#
# JRE version: OpenJDK Runtime Environment Temurin-17.0.7+7 (17.0.7+7) (build 17.0.7+7)
# Java VM: OpenJDK 64-Bit Server VM Temurin-17.0.7+7 (17.0.7+7, mixed mode, tiered, compressed oops, compressed class ptrs, g1 gc, windows-amd64)
# No core dump will be written. Minidumps are not enabled by default on client versions of Windows
#

---------------  S U M M A R Y ------------

Command Line: -Dgroovy.home=C:\Users\ACER/.groovy -Djava.system.class.loader=groovy.lang.GroovyClassLoader -Xmx2048m -Dfile.encoding=UTF-8 -XX:+ShowCodeDetailsInExceptionMessages org.codehaus.groovy.tools.GroovyStarter --classpath C:\Users\ACER\git\G1_Firefly_testing\bin\keyword;C:\Users\ACER\git\G1_Firefly_testing\Keywords;C:\Users\ACER\git\G1_Firefly_testing\bin\listener;C:\Users\ACER\git\G1_Firefly_testing\Test Listeners;C:\Users\ACER\git\G1_Firefly_testing\bin\lib;C:\Users\ACER\git\G1_Firefly_testing\Libs;C:\Users\ACER\git\G1_Firefly_testing\bin\groovy;C:\Users\ACER\git\G1_Firefly_testing\Include\scripts\groovy;C:\Users\ACER\.katalon\packages\Katalon_Studio_Windows_64-9.1.0\Katalon_Studio_Windows_64-9.1.0\plugins\com.kms.katalon.core_1.0.0.202312010623.jar;C:\Users\ACER\.katalon\packages\Katalon_Studio_Windows_64-9.1.0\Katalon_Studio_Windows_64-9.1.0\configuration\resources\lib\aalto-xml-1.0.0.jar;C:\Users\ACER\.katalon\packages\Katalon_Studio_Windows_64-9.1.0\Katalon_Studio_Windows_64-9.1.0\configuration\resources\lib\aspectjweaver-1.9.1.jar;C:\Users\ACER\.katalon\packages\Katalon_Studio_Windows_64-9.1.0\Katalon_Studio_Windows_64-9.1.0\configuration\resources\lib\bcpkix-jdk15on-1.64.jar;C:\Users\ACER\.katalon\packages\Katalon_Studio_Windows_64-9.1.0\Katalon_Studio_Windows_64-9.1.0\configuration\resources\lib\bcprov-jdk15on-1.64.jar;C:\Users\ACER\.katalon\packages\Katalon_Studio_Windows_64-9.1.0\Katalon_Studio_Windows_64-9.1.0\configuration\resources\lib\browsermob-core-2.1.5.jar;C:\Users\ACER\.katalon\packages\Katalon_Studio_Windows_64-9.1.0\Katalon_Studio_Windows_64-9.1.0\configuration\resources\lib\cglib-3.2.10.jar;C:\Users\ACER\.katalon\packages\Katalon_Studio_Windows_64-9.1.0\Katalon_Studio_Windows_64-9.1.0\configuration\resources\lib\commons-codec-1.10.jar;C:\Users\ACER\.katalon\packages\Katalon_Studio_Windows_64-9.1.0\Katalon_Studio_Windows_64-9.1.0\configuration\resources\lib\commons-collections4-4.1.jar;C:\Users\ACER\.katalon\packages\Katalon_Studio_Windows_64-9.1.0\Katalon_Studio_Windows_64-9.1.0\configuration\resources\lib\commons-validator-1.6.jar;C:\Users\ACER\.katalon\packages\Katalon_Studio_Windows_64-9.1.0\Katalon_Studio_Windows_64-9.1.0\configuration\resources\lib\curvesapi-1.04.jar;C:\Users\ACER\.katalon\packages\Katalon_Studio_Windows_64-9.1.0\Katalon_Studio_Windows_64-9.1.0\configuration\resources\lib\dnsjava-2.1.8.jar;C:\Users\ACER\.katalon\packages\Katalon_Studio_Windows_64-9.1.0\Katalon_Studio_Windows_64-9.1.0\configuration\resources\lib\groovy-ant-3.0.17.jar;C:\Users\ACER\.katalon\packages\Katalon_Studio_Windows_64-9.1.0\Katalon_Studio_Windows_64-9.1.0\configuration\resources\lib\groovy-astbuilder-3.0.17.jar;C:\Users\ACER\.katalon\packages\Katalon_Studio_Windows_64-9.1.0\Katalon_Studio_Windows_64-9.1.0\configuration\resources\lib\groovy-cli-picocli-3.0.17.jar;C:\Users\ACER\.katalon\packages\Katalon_Studio_Windows_64-9.1.0\Katalon_Studio_Windows_64-9.1.0\configuration\resources\lib\groovy-console-3.0.17.jar;C:\Users\ACER\.katalon\packages\Katalon_Studio_Windows_64-9.1.0\Katalon_Studio_Windows_64-9.1.0\configuration\resources\lib\groovy-datetime-3.0.17.jar;C:\Users\ACER\.katalon\packages\Katalon_Studio_Windows_64-9.1.0\Katalon_Studio_Windows_64-9.1.0\configuration\resources\lib\groovy-dateutil-3.0.17.jar;C:\Users\ACER\.katalon\packages\Katalon_Studio_Windows_64-9.1.0\Katalon_Studio_Windows_64-9.1.0\configuration\resources\lib\groovy-docgenerator-3.0.17.jar;C:\Users\ACER\.katalon\packages\Katalon_Studio_Windows_64-9.1.0\Katalon_Studio_Windows_64-9.1.0\configuration\resources\lib\groovy-groovydoc-3.0.17.jar;C:\Users\ACER\.katalon\packages\Katalon_Studio_Windows_64-9.1.0\Katalon_Studio_Windows_64-9.1.0\configuration\resources\lib\groovy-groovysh-3.0.17.jar;C:\Users\ACER\.katalon\packages\Katalon_Studio_Windows_64-9.1.0\Katalon_Studio_Windows_64-9.1.0\configuration\resources\lib\groovy-jmx-3.0.17.jar;C:\Users\ACER\.katalon\packages\Katalon_Studio_Windows_64-9.1.0\Katalon_Studio_Windows_64-9.1.0\configuration\resources\lib\groovy-json-3.0.17.jar;C:\Users\ACER\.katalon\packages\Katalon_Studio_Windows_64-9.1.0\Katalon_Studio_Windows_64-9.1.0\configuration\resources\lib\groovy-jsr223-3.0.17.jar;C:\Users\ACER\.katalon\packages\Katalon_Studio_Windows_64-9.1.0\Katalon_Studio_Windows_64-9.1.0\configuration\resources\lib\groovy-macro-3.0.17.jar;C:\Users\ACER\.katalon\packages\Katalon_Studio_Windows_64-9.1.0\Katalon_Studio_Windows_64-9.1.0\configuration\resources\lib\groovy-nio-3.0.17.jar;C:\Users\ACER\.katalon\packages\Katalon_Studio_Windows_64-9.1.0\Katalon_Studio_Windows_64-9.1.0\configuration\resources\lib\groovy-servlet-3.0.17.jar;C:\Users\ACER\.katalon\packages\Katalon_Studio_Windows_64-9.1.0\Katalon_Studio_Windows_64-9.1.0\configuration\resources\lib\groovy-sql-3.0.17.jar;C:\Users\ACER\.katalon\packages\Katalon_Studio_Windows_64-9.1.0\Katalon_Studio_Windows_64-9.1.0\configuration\resources\lib\groovy-swing-3.0.17.jar;C:\Users\ACER\.katalon\packages\Katalon_Studio_Windows_64-9.1.0\Katalon_Studio_Windows_64-9.1.0\configuration\resources\lib\groovy-templates-3.0.17.jar;C:\Users\ACER\.katalon\packages\Katalon_Studio_Windows_64-9.1.0\Katalon_Studio_Windows_64-9.1.0\configuration\resources\lib\groovy-test-3.0.17.jar;C:\Users\ACER\.katalon\packages\Katalon_Studio_Windows_64-9.1.0\Katalon_Studio_Windows_64-9.1.0\configuration\resources\lib\groovy-test-junit5-3.0.17.jar;C:\Users\ACER\.katalon\packages\Katalon_Studio_Windows_64-9.1.0\Katalon_Studio_Windows_64-9.1.0\configuration\resources\lib\groovy-testng-3.0.17.jar;C:\Users\ACER\.katalon\packages\Katalon_Studio_Windows_64-9.1.0\Katalon_Studio_Windows_64-9.1.0\configuration\resources\lib\groovy-xml-3.0.17.jar;C:\Users\ACER\.katalon\packages\Katalon_Studio_Windows_64-9.1.0\Katalon_Studio_Windows_64-9.1.0\configuration\resources\lib\java-client-7.0.0.jar;C:\Users\ACER\.katalon\packages\Katalon_Studio_Windows_64-9.1.0\Katalon_Studio_Windows_64-9.1.0\configuration\resources\lib\javax.servlet-api_3.1.0.jar;C:\Users\ACER\.katalon\packages\Katalon_Studio_Windows_64-9.1.0\Katalon_Studio_Windows_64-9.1.0\configuration\resources\lib\jna-5.12.1.jar;C:\Users\ACER\.katalon\packages\Katalon_Studio_Windows_64-9.1.0\Katalon_Studio_Windows_64-9.1.0\configuration\resources\lib\jna-platform-5.12.1.jar;C:\Users\ACER\.katalon\packages\Katalon_Studio_Windows_64-9.1.0\Katalon_Studio_Windows_64-9.1.0\configuration\resources\lib\jzlib-1.1.3.jar;C:\Users\ACER\.katalon\packages\Katalon_Studio_Windows_64-9.1.0\Katalon_Studio_Windows_64-9.1.0\configuration\resources\lib\kat-server.jar;C:\Users\ACER\.katalon\packages\Katalon_Studio_Windows_64-9.1.0\Katalon_Studio_Windows_64-9.1.0\configuration\resources\lib\littleproxy-1.1.0-beta-bmp-17.jar;C:\Users\ACER\.katalon\packages\Katalon_Studio_Windows_64-9.1.0\Katalon_Studio_Windows_64-9.1.0\configuration\resources\lib\log4j-1.2-api-2.17.1.jar;C:\Users\ACER\.katalon\packages\Katalon_Studio_Windows_64-9.1.0\Katalon_Studio_Windows_64-9.1.0\configuration\resources\lib\log4j-api-2.17.1.jar;C:\Users\ACER\.katalon\packages\Katalon_Studio_Windows_64-9.1.0\Katalon_Studio_Windows_64-9.1.0\configuration\resources\lib\log4j-core-2.17.1.jar;C:\Users\ACER\.katalon\packages\Katalon_Studio_Windows_64-9.1.0\Katalon_Studio_Windows_64-9.1.0\configuration\resources\lib\mitm-2.1.5.jar;C:\Users\ACER\.katalon\packages\Katalon_Studio_Windows_64-9.1.0\Katalon_Studio_Windows_64-9.1.0\configuration\resources\lib\netty-all-4.1.70.Final.jar;C:\Users\ACER\.katalon\packages\Katalon_Studio_Windows_64-9.1.0\Katalon_Studio_Windows_64-9.1.0\configuration\resources\lib\poi-3.17.jar;C:\Users\ACER\.katalon\packages\Katalon_Studio_Windows_64-9.1.0\Katalon_Studio_Windows_64-9.1.0\configuration\resources\lib\poi-ooxml-3.17.jar;C:\Users\ACER\.katalon\packages\Katalon_Studio_Windows_64-9.1.0\Katalon_Studio_Windows_64-9.1.0\configuration\resources\lib\poi-ooxml-schemas-3.17.jar;C:\Users\ACER\.katalon\packages\Katalon_Studio_Windows_64-9.1.0\Katalon_Studio_Windows_64-9.1.0\configuration\resources\lib\proxy-vole-1.0.4-SNAPSHOT-jar-with-dependencies.jar;C:\Users\ACER\.katalon\packages\Katalon_Studio_Windows_64-9.1.0\Katalon_Studio_Windows_64-9.1.0\configuration\resources\lib\repackaged-sikuli-api-1.0.2-standalone.jar;C:\Users\ACER\.katalon\packages\Katalon_Studio_Windows_64-9.1.0\Katalon_Studio_Windows_64-9.1.0\configuration\resources\lib\selenium-leg-rc-3.141.59.jar;C:\Users\ACER\.katalon\packages\Katalon_Studio_Windows_64-9.1.0\Katalon_Studio_Windows_64-9.1.0\configuration\resources\lib\selenium-server-standalone-3.141.59.jar;C:\Users\ACER\.katalon\packages\Katalon_Studio_Windows_64-9.1.0\Katalon_Studio_Windows_64-9.1.0\configuration\resources\lib\selenium-shutterbug-1.1.jar;C:\Users\ACER\.katalon\packages\Katalon_Studio_Windows_64-9.1.0\Katalon_Studio_Windows_64-9.1.0\configuration\resources\lib\slf4j-api-1.7.25.jar;C:\Users\ACER\.katalon\packages\Katalon_Studio_Windows_64-9.1.0\Katalon_Studio_Windows_64-9.1.0\configuration\resources\lib\soap-builder-1.0.0.jar;C:\Users\ACER\.katalon\packages\Katalon_Studio_Windows_64-9.1.0\Katalon_Studio_Windows_64-9.1.0\configuration\resources\lib\soap-common-1.0.0.jar;C:\Users\ACER\.katalon\packages\Katalon_Studio_Windows_64-9.1.0\Katalon_Studio_Windows_64-9.1.0\configuration\resources\lib\soap-legacy-1.0.0.jar;C:\Users\ACER\.katalon\packages\Katalon_Studio_Windows_64-9.1.0\Katalon_Studio_Windows_64-9.1.0\configuration\resources\lib\spring-context-5.3.19.jar;C:\Users\ACER\.katalon\packages\Katalon_Studio_Windows_64-9.1.0\Katalon_Studio_Windows_64-9.1.0\configuration\resources\lib\stax2-api-4.0.0.jar;C:\Users\ACER\.katalon\packages\Katalon_Studio_Windows_64-9.1.0\Katalon_Studio_Windows_64-9.1.0\configuration\resources\lib\su.jar;C:\Users\ACER\.katalon\packages\Katalon_Studio_Windows_64-9.1.0\Katalon_Studio_Windows_64-9.1.0\configuration\resources\lib\testng-7.8.0.jar;C:\Users\ACER\.katalon\packages\Katalon_Studio_Windows_64-9.1.0\Katalon_Studio_Windows_64-9.1.0\configuration\resources\lib\wadl.jar;C:\Users\ACER\.katalon\packages\Katalon_Studio_Windows_64-9.1.0\Katalon_Studio_Windows_64-9.1.0\configuration\resources\lib\xmlbeans-3.1.0.jar;C:\Users\ACER\.katalon\packages\Katalon_Studio_Windows_64-9.1.0\Katalon_Studio_Windows_64-9.1.0\plugins\net.sf.supercsv.super-csv_2.1.0.jar;C:\Users\ACER\.katalon\packages\Katalon_Studio_Windows_64-9.1.0\Katalon_Studio_Windows_64-9.1.0\plugins\org.apache.commons.io_2.4.0.jar;C:\Users\ACER\.katalon\packages\Katalon_Studio_Windows_64-9.1.0\Katalon_Studio_Windows_64-9.1.0\plugins\org.apache.commons.lang_2.6.0.jar;C:\Users\ACER\.katalon\packages\Katalon_Studio_Windows_64-9.1.0\Katalon_Studio_Windows_64-9.1.0\plugins\com.google.gson_2.10.1.v20230109-0753.jar;C:\Users\ACER\.katalon\packages\Katalon_Studio_Windows_64-9.1.0\Katalon_Studio_Windows_64-9.1.0\plugins\org.jsoup_1.14.3.jar;C:\Users\ACER\.katalon\packages\Katalon_Studio_Windows_64-9.1.0\Katalon_Studio_Windows_64-9.1.0\plugins\org.apache.commons.dbutils_1.6.0.jar;C:\Users\ACER\.katalon\packages\Katalon_Studio_Windows_64-9.1.0\Katalon_Studio_Windows_64-9.1.0\plugins\com.oracle.jdbc.ojdbc7_12.1.0.2.jar;C:\Users\ACER\.katalon\packages\Katalon_Studio_Windows_64-9.1.0\Katalon_Studio_Windows_64-9.1.0\plugins\org.postgresql.jdbc_42.4.1.jar;c:\Users\ACER\.katalon\packages\Katalon_Studio_Windows_64-9.1.0\Katalon_Studio_Windows_64-9.1.0\plugins\org.eclipse.osgi_3.18.300.v20230220-1352.jar;C:\Users\ACER\.katalon\packages\Katalon_Studio_Windows_64-9.1.0\Katalon_Studio_Windows_64-9.1.0\plugins\com.kms.katalon.constant_1.0.0.202312010623.jar;C:\Users\ACER\.katalon\packages\Katalon_Studio_Windows_64-9.1.0\Katalon_Studio_Windows_64-9.1.0\plugins\org.eclipse.persistence.eclipselink_2.7.11.jar;C:\Users\ACER\.katalon\packages\Katalon_Studio_Windows_64-9.1.0\Katalon_Studio_Windows_64-9.1.0\plugins\com.kms.katalon.selenium-standalone_1.0.0.202312010623.jar;C:\Users\ACER\.katalon\packages\Katalon_Studio_Windows_64-9.1.0\Katalon_Studio_Windows_64-9.1.0\plugins\atu.testrecorder.screen-recorder_2.1.0.jar;C:\Users\ACER\.katalon\packages\Katalon_Studio_Windows_64-9.1.0\Katalon_Studio_Windows_64-9.1.0\plugins\com.google.guava_23.0.0.jar;C:\Users\ACER\.katalon\packages\Katalon_Studio_Windows_64-9.1.0\Katalon_Studio_Windows_64-9.1.0\plugins\com.kms.katalon.util_1.0.0.202312010623.jar;C:\Users\ACER\.katalon\packages\Katalon_Studio_Windows_64-9.1.0\Katalon_Studio_Windows_64-9.1.0\plugins\org.apache.httpcomponents.httpclient_4.5.14.v20221207-1049.jar;C:\Users\ACER\.katalon\packages\Katalon_Studio_Windows_64-9.1.0\Katalon_Studio_Windows_64-9.1.0\plugins\org.apache.httpcomponents.httpcore_4.4.16.v20221207-1049.jar;C:\Users\ACER\.katalon\packages\Katalon_Studio_Windows_64-9.1.0\Katalon_Studio_Windows_64-9.1.0\plugins\org.apache.httpcomponents.httpmime_4.5.1.jar;C:\Users\ACER\.katalon\packages\Katalon_Studio_Windows_64-9.1.0\Katalon_Studio_Windows_64-9.1.0\plugins\org.apache.commons.lang3_3.7.0.jar;C:\Users\ACER\.katalon\packages\Katalon_Studio_Windows_64-9.1.0\Katalon_Studio_Windows_64-9.1.0\plugins\org.greenrobot.eventbus_3.1.1.jar;C:\Users\ACER\.katalon\packages\Katalon_Studio_Windows_64-9.1.0\Katalon_Studio_Windows_64-9.1.0\plugins\org.assertj.core_3.10.0.jar;C:\Users\ACER\.katalon\packages\Katalon_Studio_Windows_64-9.1.0\Katalon_Studio_Windows_64-9.1.0\plugins\org.junit_4.13.2.v20211018-1956.jar;C:\Users\ACER\.katalon\packages\Katalon_Studio_Windows_64-9.1.0\Katalon_Studio_Windows_64-9.1.0\plugins\com.fasterxml.jackson.core.jackson-databind_2.14.0.jar;C:\Users\ACER\.katalon\packages\Katalon_Studio_Windows_64-9.1.0\Katalon_Studio_Windows_64-9.1.0\plugins\com.fasterxml.jackson.core.jackson-core_2.14.0.jar;C:\Users\ACER\.katalon\packages\Katalon_Studio_Windows_64-9.1.0\Katalon_Studio_Windows_64-9.1.0\plugins\com.fasterxml.jackson.core.jackson-annotations_2.14.0.jar;C:\Users\ACER\.katalon\packages\Katalon_Studio_Windows_64-9.1.0\Katalon_Studio_Windows_64-9.1.0\plugins\ch.qos.logback.classic_1.2.3.jar;C:\Users\ACER\.katalon\packages\Katalon_Studio_Windows_64-9.1.0\Katalon_Studio_Windows_64-9.1.0\plugins\ch.qos.logback.core_1.2.3.jar;C:\Users\ACER\.katalon\packages\Katalon_Studio_Windows_64-9.1.0\Katalon_Studio_Windows_64-9.1.0\plugins\slf4j.api_1.7.36.jar;C:\Users\ACER\.katalon\packages\Katalon_Studio_Windows_64-9.1.0\Katalon_Studio_Windows_64-9.1.0\plugins\org.fusesource.jansi_1.17.1.jar;C:\Users\ACER\.katalon\packages\Katalon_Studio_Windows_64-9.1.0\Katalon_Studio_Windows_64-9.1.0\plugins\com.kms.katalon.netlightbody_1.0.0.202312010623.jar;C:\Users\ACER\.katalon\packages\Katalon_Studio_Windows_64-9.1.0\Katalon_Studio_Windows_64-9.1.0\plugins\com.kms.katalon.poi_1.0.0.202312010623.jar;C:\Users\ACER\.katalon\packages\Katalon_Studio_Windows_64-9.1.0\Katalon_Studio_Windows_64-9.1.0\plugins\org.apache.commons.commons-text_1.10.0.jar;C:\Users\ACER\.katalon\packages\Katalon_Studio_Windows_64-9.1.0\Katalon_Studio_Windows_64-9.1.0\plugins\com.kms.katalon.proxyvole_1.0.0.202312010623.jar;C:\Users\ACER\.katalon\packages\Katalon_Studio_Windows_64-9.1.0\Katalon_Studio_Windows_64-9.1.0\plugins\com.microsoft.sqlserver.mssql-jdbc_6.2.2.jre8.jar;C:\Users\ACER\.katalon\packages\Katalon_Studio_Windows_64-9.1.0\Katalon_Studio_Windows_64-9.1.0\plugins\com.github.kklisura.cdt.java-client_2.1.0.jar;C:\Users\ACER\.katalon\packages\Katalon_Studio_Windows_64-9.1.0\Katalon_Studio_Windows_64-9.1.0\plugins\javax.websocket-api_1.1.0.jar;C:\Users\ACER\.katalon\packages\Katalon_Studio_Windows_64-9.1.0\Katalon_Studio_Windows_64-9.1.0\plugins\org.glassfish.tyrus.container-grizzly-client_1.13.1.jar;C:\Users\ACER\.katalon\packages\Katalon_Studio_Windows_64-9.1.0\Katalon_Studio_Windows_64-9.1.0\plugins\org.glassfish.grizzly.http-server_2.3.25.jar;C:\Users\ACER\.katalon\packages\Katalon_Studio_Windows_64-9.1.0\Katalon_Studio_Windows_64-9.1.0\plugins\org.glassfish.grizzly.framework_2.3.25.jar;C:\Users\ACER\.katalon\packages\Katalon_Studio_Windows_64-9.1.0\Katalon_Studio_Windows_64-9.1.0\plugins\org.glassfish.grizzly.http_2.3.25.jar;C:\Users\ACER\.katalon\packages\Katalon_Studio_Windows_64-9.1.0\Katalon_Studio_Windows_64-9.1.0\plugins\org.glassfish.tyrus.client_1.13.1.jar;C:\Users\ACER\.katalon\packages\Katalon_Studio_Windows_64-9.1.0\Katalon_Studio_Windows_64-9.1.0\plugins\org.glassfish.tyrus.core_1.13.1.jar;C:\Users\ACER\.katalon\packages\Katalon_Studio_Windows_64-9.1.0\Katalon_Studio_Windows_64-9.1.0\plugins\org.glassfish.tyrus.spi_1.13.1.jar;C:\Users\ACER\.katalon\packages\Katalon_Studio_Windows_64-9.1.0\Katalon_Studio_Windows_64-9.1.0\plugins\javassist_3.28.0.GA.jar;C:\Users\ACER\.katalon\packages\Katalon_Studio_Windows_64-9.1.0\Katalon_Studio_Windows_64-9.1.0\plugins\com.graphql-java_16.2.0.jar;C:\Users\ACER\.katalon\packages\Katalon_Studio_Windows_64-9.1.0\Katalon_Studio_Windows_64-9.1.0\plugins\org.glassfish.jaxb.runtime_2.3.6.jar;C:\Users\ACER\.katalon\packages\Katalon_Studio_Windows_64-9.1.0\Katalon_Studio_Windows_64-9.1.0\plugins\org.glassfish.jaxb.txw2_2.3.6.jar;C:\Users\ACER\.katalon\packages\Katalon_Studio_Windows_64-9.1.0\Katalon_Studio_Windows_64-9.1.0\plugins\org.dom4j_1.6.1.v201312101416.jar;C:\Users\ACER\.katalon\packages\Katalon_Studio_Windows_64-9.1.0\Katalon_Studio_Windows_64-9.1.0\plugins\com.kms.katalon.groovy-extended_1.0.0.202312010623.jar;C:\Users\ACER\.katalon\packages\Katalon_Studio_Windows_64-9.1.0\Katalon_Studio_Windows_64-9.1.0\plugins\com.sun.activation.javax.activation_1.2.0.jar;C:\Users\ACER\.katalon\packages\Katalon_Studio_Windows_64-9.1.0\Katalon_Studio_Windows_64-9.1.0\plugins\jakarta.xml.bind-api_2.3.3.jar;C:\Users\ACER\.katalon\packages\Katalon_Studio_Windows_64-9.1.0\Katalon_Studio_Windows_64-9.1.0\plugins\com.sun.xml.bind.jaxb-impl_2.3.6.jar;C:\Users\ACER\.katalon\packages\Katalon_Studio_Windows_64-9.1.0\Katalon_Studio_Windows_64-9.1.0\plugins\org.apache.commons.logging_1.2.0.v20180409-1502.jar;C:\Users\ACER\.katalon\packages\Katalon_Studio_Windows_64-9.1.0\Katalon_Studio_Windows_64-9.1.0\plugins\org.hamcrest.core_1.3.0.v20180420-1519.jar;C:\Users\ACER\.katalon\packages\Katalon_Studio_Windows_64-9.1.0\Katalon_Studio_Windows_64-9.1.0\plugins\org.beanshell.bsh_2.0.0.0b4.jar;C:\Users\ACER\.katalon\packages\Katalon_Studio_Windows_64-9.1.0\Katalon_Studio_Windows_64-9.1.0\plugins\org.apache.ant.launcher_1.9.6.jar;C:\Users\ACER\.katalon\packages\Katalon_Studio_Windows_64-9.1.0\Katalon_Studio_Windows_64-9.1.0\plugins\com.kms.katalon.core.appium_1.0.0.202312010623.jar;C:\Users\ACER\.katalon\packages\Katalon_Studio_Windows_64-9.1.0\Katalon_Studio_Windows_64-9.1.0\plugins\com.kms.katalon.logging_1.0.0.202312010623.jar;C:\Users\ACER\.katalon\packages\Katalon_Studio_Windows_64-9.1.0\Katalon_Studio_Windows_64-9.1.0\plugins\org.eclipse.equinox.common_3.17.100.v20230202-1341.jar;C:\Users\ACER\.katalon\packages\Katalon_Studio_Windows_64-9.1.0\Katalon_Studio_Windows_64-9.1.0\plugins\com.kms.katalon.core.webui_1.0.0.202312010623.jar;C:\Users\ACER\.katalon\packages\Katalon_Studio_Windows_64-9.1.0\Katalon_Studio_Windows_64-9.1.0\plugins\org.json_20140107.0.0.jar;C:\Users\ACER\.katalon\packages\Katalon_Studio_Windows_64-9.1.0\Katalon_Studio_Windows_64-9.1.0\plugins\org.eclipse.e4.core.contexts_1.11.0.v20220716-0839.jar;C:\Users\ACER\.katalon\packages\Katalon_Studio_Windows_64-9.1.0\Katalon_Studio_Windows_64-9.1.0\plugins\org.eclipse.e4.core.services_2.3.400.v20220915-1347.jar;C:\Users\ACER\.katalon\packages\Katalon_Studio_Windows_64-9.1.0\Katalon_Studio_Windows_64-9.1.0\plugins\com.kms.katalon.core.mobile_1.0.0.202312010623.jar;C:\Users\ACER\.katalon\packages\Katalon_Studio_Windows_64-9.1.0\Katalon_Studio_Windows_64-9.1.0\plugins\org.apache.commons.commons-validator_1.7.0.jar;C:\Users\ACER\.katalon\packages\Katalon_Studio_Windows_64-9.1.0\Katalon_Studio_Windows_64-9.1.0\plugins\com.kms.katalon.core.cucumber_1.0.0.202312010623.jar;C:\Users\ACER\.katalon\packages\Katalon_Studio_Windows_64-9.1.0\Katalon_Studio_Windows_64-9.1.0\plugins\io.cucumber.core_3.0.2.jar;C:\Users\ACER\.katalon\packages\Katalon_Studio_Windows_64-9.1.0\Katalon_Studio_Windows_64-9.1.0\plugins\io.cucumber.datatable_1.0.3.jar;C:\Users\ACER\.katalon\packages\Katalon_Studio_Windows_64-9.1.0\Katalon_Studio_Windows_64-9.1.0\plugins\io.cucumber.datatable-dependencies_1.0.3.jar;C:\Users\ACER\.katalon\packages\Katalon_Studio_Windows_64-9.1.0\Katalon_Studio_Windows_64-9.1.0\plugins\io.cucumber.expressions_5.0.19.jar;C:\Users\ACER\.katalon\packages\Katalon_Studio_Windows_64-9.1.0\Katalon_Studio_Windows_64-9.1.0\plugins\io.cucumber.gherkin_5.0.0.jar;C:\Users\ACER\.katalon\packages\Katalon_Studio_Windows_64-9.1.0\Katalon_Studio_Windows_64-9.1.0\plugins\io.cucumber.html_0.2.7.jar;C:\Users\ACER\.katalon\packages\Katalon_Studio_Windows_64-9.1.0\Katalon_Studio_Windows_64-9.1.0\plugins\io.cucumber.java_3.0.2.jar;C:\Users\ACER\.katalon\packages\Katalon_Studio_Windows_64-9.1.0\Katalon_Studio_Windows_64-9.1.0\plugins\io.cucumber.tag-expressions_1.1.1.jar;C:\Users\ACER\.katalon\packages\Katalon_Studio_Windows_64-9.1.0\Katalon_Studio_Windows_64-9.1.0\plugins\io.cucumber.junit_3.0.2.jar;C:\Users\ACER\.katalon\packages\Katalon_Studio_Windows_64-9.1.0\Katalon_Studio_Windows_64-9.1.0\plugins\com.kms.katalon.core.webservice_1.0.0.202312010623.jar;C:\Users\ACER\.katalon\packages\Katalon_Studio_Windows_64-9.1.0\Katalon_Studio_Windows_64-9.1.0\plugins\wsdl4j_1.6.2.jar;C:\Users\ACER\.katalon\packages\Katalon_Studio_Windows_64-9.1.0\Katalon_Studio_Windows_64-9.1.0\plugins\com.google.oauth-client.google-oauth-client_1.22.0.jar;C:\Users\ACER\.katalon\packages\Katalon_Studio_Windows_64-9.1.0\Katalon_Studio_Windows_64-9.1.0\plugins\com.google.http-client.google-http-client_1.22.0.jar;C:\Users\ACER\.katalon\packages\Katalon_Studio_Windows_64-9.1.0\Katalon_Studio_Windows_64-9.1.0\plugins\ca.juliusdavies.not-yet-commons-ssl_0.3.11.jar;C:\Users\ACER\.katalon\packages\Katalon_Studio_Windows_64-9.1.0\Katalon_Studio_Windows_64-9.1.0\plugins\com.kms.katalon.preferences_1.0.0.202312010623.jar;C:\Users\ACER\.katalon\packages\Katalon_Studio_Windows_64-9.1.0\Katalon_Studio_Windows_64-9.1.0\plugins\org.apache.xmlbeans_3.1.0.jar;C:\Users\ACER\.katalon\packages\Katalon_Studio_Windows_64-9.1.0\Katalon_Studio_Windows_64-9.1.0\plugins\com.kms.katalon.entity_1.0.0.202312010623.jar;C:\Users\ACER\.katalon\packages\Katalon_Studio_Windows_64-9.1.0\Katalon_Studio_Windows_64-9.1.0\plugins\org.antlr.antlr4-runtime_4.8.0.jar;C:\Users\ACER\.katalon\packages\Katalon_Studio_Windows_64-9.1.0\Katalon_Studio_Windows_64-9.1.0\plugins\com.networknt.json-schema-validator_1.0.66.jar;C:\Users\ACER\.katalon\packages\Katalon_Studio_Windows_64-9.1.0\Katalon_Studio_Windows_64-9.1.0\plugins\jakarta.xml.ws-api_2.3.3.jar;C:\Users\ACER\.katalon\packages\Katalon_Studio_Windows_64-9.1.0\Katalon_Studio_Windows_64-9.1.0\plugins\javax.xml.soap-api_1.4.0.jar;C:\Users\ACER\.katalon\packages\Katalon_Studio_Windows_64-9.1.0\Katalon_Studio_Windows_64-9.1.0\plugins\com.kms.katalon.core.windows_1.0.0.202312010623.jar;C:\Users\ACER\.katalon\packages\Katalon_Studio_Windows_64-9.1.0\Katalon_Studio_Windows_64-9.1.0\plugins\com.kms.katalon.core.testng_1.0.0.202312010623.jar;C:\Users\ACER\.katalon\packages\Katalon_Studio_Windows_64-9.1.0\Katalon_Studio_Windows_64-9.1.0\configuration\org.eclipse.osgi\27\0\.cp\resources\basic-report\katalon-studio-report-plugin.jar;C:\Users\ACER\.katalon\packages\Katalon_Studio_Windows_64-9.1.0\Katalon_Studio_Windows_64-9.1.0\plugins\org.codehaus.groovy_3.0.17.v202303311542-e2303\lib\groovy-3.0.17-indy.jar;C:\Users\ACER\.katalon\packages\Katalon_Studio_Windows_64-9.1.0\Katalon_Studio_Windows_64-9.1.0\plugins\org.codehaus.groovy_3.0.17.v202303311542-e2303\lib\ivy-2.5.1.jar --main groovy.ui.GroovyMain --encoding UTF-8 --indy C:\Users\ACER\git\G1_Firefly_testing\Libs\TempTestSuite1704200327610.groovy

Host: Intel(R) Core(TM) i5-10300H CPU @ 2.50GHz, 8 cores, 15G,  Windows 10 , 64 bit Build 19041 (10.0.19041.3636)
Time: Tue Jan  2 20:00:45 2024 SE Asia Standard Time elapsed time: 117.676123 seconds (0d 0h 1m 57s)

---------------  T H R E A D  ---------------

Current thread (0x000001c87f383d80):  JavaThread "C2 CompilerThread0" daemon [_thread_in_native, id=22840, stack(0x000000a902200000,0x000000a902300000)]


Current CompileTask:
C2: 117676 8685   !   4       java.net.URLClassLoader::findClass (47 bytes)

Stack: [0x000000a902200000,0x000000a902300000]
Native frames: (J=compiled Java code, j=interpreted, Vv=VM code, C=native code)
V  [jvm.dll+0x67754a]
V  [jvm.dll+0x834304]
V  [jvm.dll+0x835aae]
V  [jvm.dll+0x836113]
V  [jvm.dll+0x24696f]
V  [jvm.dll+0xac0ac]
V  [jvm.dll+0xac67c]
V  [jvm.dll+0x2adbef]
V  [jvm.dll+0x580067]
V  [jvm.dll+0x221e72]
V  [jvm.dll+0x22224f]
V  [jvm.dll+0x21b4a5]
V  [jvm.dll+0x21895b]
V  [jvm.dll+0x1a4d8d]
V  [jvm.dll+0x2284da]
V  [jvm.dll+0x226615]
V  [jvm.dll+0x7ea90b]
V  [jvm.dll+0x7e4e7a]
V  [jvm.dll+0x676395]
C  [ucrtbase.dll+0x21bb2]
C  [KERNEL32.DLL+0x17344]
C  [ntdll.dll+0x526b1]


---------------  P R O C E S S  ---------------

Threads class SMR info:
_java_thread_list=0x000001c808ebaa10, length=23, elements={
0x000001c86928bc00, 0x000001c87f345a30, 0x000001c87f346920, 0x000001c87f32f240,
0x000001c87f330b10, 0x000001c87f3313d0, 0x000001c87f383410, 0x000001c87f383d80,
0x000001c87f3ecf40, 0x000001c87f3f9870, 0x000001c87f4752c0, 0x000001c87ff75010,
0x000001c80c05c8b0, 0x000001c809c7ea40, 0x000001c809c7ef10, 0x000001c809c7d230,
0x000001c809c80720, 0x000001c809c7f8b0, 0x000001c809c7fd80, 0x000001c809c7d700,
0x000001c809d4ca40, 0x000001c809d48210, 0x000001c809d49550
}

Java Threads: ( => current thread )
  0x000001c86928bc00 JavaThread "Forwarding executeAsyncScript on session 3e7b90d95e87cebd0c267cc83ca7c65d to remote" [_thread_in_native, id=8604, stack(0x000000a901500000,0x000000a901600000)]
  0x000001c87f345a30 JavaThread "Reference Handler" daemon [_thread_blocked, id=18308, stack(0x000000a901c00000,0x000000a901d00000)]
  0x000001c87f346920 JavaThread "Finalizer" daemon [_thread_blocked, id=16956, stack(0x000000a901d00000,0x000000a901e00000)]
  0x000001c87f32f240 JavaThread "Signal Dispatcher" daemon [_thread_blocked, id=22924, stack(0x000000a901e00000,0x000000a901f00000)]
  0x000001c87f330b10 JavaThread "Attach Listener" daemon [_thread_blocked, id=27860, stack(0x000000a901f00000,0x000000a902000000)]
  0x000001c87f3313d0 JavaThread "Service Thread" daemon [_thread_blocked, id=4084, stack(0x000000a902000000,0x000000a902100000)]
  0x000001c87f383410 JavaThread "Monitor Deflation Thread" daemon [_thread_blocked, id=12868, stack(0x000000a902100000,0x000000a902200000)]
=>0x000001c87f383d80 JavaThread "C2 CompilerThread0" daemon [_thread_in_native, id=22840, stack(0x000000a902200000,0x000000a902300000)]
  0x000001c87f3ecf40 JavaThread "C1 CompilerThread0" daemon [_thread_blocked, id=8004, stack(0x000000a902300000,0x000000a902400000)]
  0x000001c87f3f9870 JavaThread "Sweeper thread" daemon [_thread_blocked, id=23132, stack(0x000000a902400000,0x000000a902500000)]
  0x000001c87f4752c0 JavaThread "Common-Cleaner" daemon [_thread_blocked, id=7512, stack(0x000000a902500000,0x000000a902600000)]
  0x000001c87ff75010 JavaThread "Notification Thread" daemon [_thread_blocked, id=11296, stack(0x000000a902700000,0x000000a902800000)]
  0x000001c80c05c8b0 JavaThread "UrlChecker-2" daemon [_thread_blocked, id=25876, stack(0x000000a903300000,0x000000a903400000)]
  0x000001c809c7ea40 JavaThread "ForkJoinPool.commonPool-worker-1" daemon [_thread_blocked, id=27996, stack(0x000000a903800000,0x000000a903900000)]
  0x000001c809c7ef10 JavaThread "ForkJoinPool.commonPool-worker-2" daemon [_thread_blocked, id=21424, stack(0x000000a903900000,0x000000a903a00000)]
  0x000001c809c7d230 JavaThread "ForkJoinPool.commonPool-worker-3" daemon [_thread_blocked, id=7740, stack(0x000000a903a00000,0x000000a903b00000)]
  0x000001c809c80720 JavaThread "ForkJoinPool.commonPool-worker-4" daemon [_thread_blocked, id=20596, stack(0x000000a903b00000,0x000000a903c00000)]
  0x000001c809c7f8b0 JavaThread "ForkJoinPool.commonPool-worker-5" daemon [_thread_blocked, id=4188, stack(0x000000a903c00000,0x000000a903d00000)]
  0x000001c809c7fd80 JavaThread "OkHttp ConnectionPool" daemon [_thread_blocked, id=18872, stack(0x000000a903d00000,0x000000a903e00000)]
  0x000001c809c7d700 JavaThread "Okio Watchdog" daemon [_thread_blocked, id=24640, stack(0x000000a903e00000,0x000000a903f00000)]
  0x000001c809d4ca40 JavaThread "Exec Default Executor" daemon [_thread_in_native, id=22224, stack(0x000000a901300000,0x000000a901400000)]
  0x000001c809d48210 JavaThread "Exec Stream Pumper" daemon [_thread_in_native, id=9020, stack(0x000000a901400000,0x000000a901500000)]
  0x000001c809d49550 JavaThread "Exec Stream Pumper" daemon [_thread_in_native, id=26192, stack(0x000000a903100000,0x000000a903200000)]

Other Threads:
  0x000001c87f321940 VMThread "VM Thread" [stack: 0x000000a901b00000,0x000000a901c00000] [id=6380]
  0x000001c86716d3b0 WatcherThread [stack: 0x000000a902800000,0x000000a902900000] [id=10304]
  0x000001c8692e8460 GCTaskThread "GC Thread#0" [stack: 0x000000a901600000,0x000000a901700000] [id=9228]
  0x000001c808363500 GCTaskThread "GC Thread#1" [stack: 0x000000a902900000,0x000000a902a00000] [id=11328]
  0x000001c808576150 GCTaskThread "GC Thread#2" [stack: 0x000000a902a00000,0x000000a902b00000] [id=13768]
  0x000001c8089e1570 GCTaskThread "GC Thread#3" [stack: 0x000000a902b00000,0x000000a902c00000] [id=12744]
  0x000001c87fb2c540 GCTaskThread "GC Thread#4" [stack: 0x000000a902c00000,0x000000a902d00000] [id=16028]
  0x000001c808854610 GCTaskThread "GC Thread#5" [stack: 0x000000a902d00000,0x000000a902e00000] [id=4980]
  0x000001c80b351d00 GCTaskThread "GC Thread#6" [stack: 0x000000a902f00000,0x000000a903000000] [id=12592]
  0x000001c8091fd1a0 GCTaskThread "GC Thread#7" [stack: 0x000000a903000000,0x000000a903100000] [id=26160]
  0x000001c8692f9b40 ConcurrentGCThread "G1 Main Marker" [stack: 0x000000a901700000,0x000000a901800000] [id=13872]
  0x000001c8692fa550 ConcurrentGCThread "G1 Conc#0" [stack: 0x000000a901800000,0x000000a901900000] [id=17900]
  0x000001c8093d91a0 ConcurrentGCThread "G1 Conc#1" [stack: 0x000000a902e00000,0x000000a902f00000] [id=16644]
  0x000001c87f176800 ConcurrentGCThread "G1 Refine#0" [stack: 0x000000a901900000,0x000000a901a00000] [id=16748]
  0x000001c87f177220 ConcurrentGCThread "G1 Service" [stack: 0x000000a901a00000,0x000000a901b00000] [id=5388]

Threads with active compile tasks:
C2 CompilerThread0   117698 8685   !   4       java.net.URLClassLoader::findClass (47 bytes)

VM state: not at safepoint (normal execution)

VM Mutex/Monitor currently owned by a thread: None

Heap address: 0x0000000080000000, size: 2048 MB, Compressed Oops mode: 32-bit

CDS archive(s) not mapped
Compressed class space mapped at: 0x0000000100000000-0x0000000140000000, reserved size: 1073741824
Narrow klass base: 0x0000000000000000, Narrow klass shift: 3, Narrow klass range: 0x140000000

GC Precious Log:
 CPUs: 8 total, 8 available
 Memory: 16215M
 Large Page Support: Disabled
 NUMA Support: Disabled
 Compressed Oops: Enabled (32-bit)
 Heap Region Size: 1M
 Heap Min Capacity: 8M
 Heap Initial Capacity: 254M
 Heap Max Capacity: 2G
 Pre-touch: Disabled
 Parallel Workers: 8
 Concurrent Workers: 2
 Concurrent Refinement Workers: 8
 Periodic GC: Disabled

Heap:
 garbage-first heap   total 107520K, used 82786K [0x0000000080000000, 0x0000000100000000)
  region size 1024K, 44 young (45056K), 4 survivors (4096K)
 Metaspace       used 48019K, committed 48896K, reserved 1114112K
  class space    used 5124K, committed 5504K, reserved 1048576K

Heap Regions: E=young(eden), S=young(survivor), O=old, HS=humongous(starts), HC=humongous(continues), CS=collection set, F=free, OA=open archive, CA=closed archive, TAMS=top-at-mark-start (previous, next)
|   0|0x0000000080000000, 0x0000000080100000, 0x0000000080100000|100%|HS|  |TAMS 0x0000000080100000, 0x0000000080000000| Complete 
|   1|0x0000000080100000, 0x0000000080200000, 0x0000000080200000|100%|HS|  |TAMS 0x0000000080200000, 0x0000000080100000| Complete 
|   2|0x0000000080200000, 0x0000000080300000, 0x0000000080300000|100%|HS|  |TAMS 0x0000000080300000, 0x0000000080200000| Complete 
|   3|0x0000000080300000, 0x0000000080400000, 0x0000000080400000|100%|HC|  |TAMS 0x0000000080400000, 0x0000000080300000| Complete 
|   4|0x0000000080400000, 0x0000000080500000, 0x0000000080500000|100%| O|  |TAMS 0x0000000080500000, 0x0000000080400000| Untracked 
|   5|0x0000000080500000, 0x0000000080600000, 0x0000000080600000|100%| O|  |TAMS 0x0000000080600000, 0x0000000080500000| Untracked 
|   6|0x0000000080600000, 0x0000000080700000, 0x0000000080700000|100%| O|  |TAMS 0x0000000080700000, 0x0000000080600000| Untracked 
|   7|0x0000000080700000, 0x0000000080800000, 0x0000000080800000|100%| O|  |TAMS 0x0000000080800000, 0x0000000080700000| Untracked 
|   8|0x0000000080800000, 0x0000000080900000, 0x0000000080900000|100%| O|  |TAMS 0x0000000080900000, 0x0000000080800000| Untracked 
|   9|0x0000000080900000, 0x0000000080a00000, 0x0000000080a00000|100%| O|  |TAMS 0x0000000080a00000, 0x0000000080900000| Untracked 
|  10|0x0000000080a00000, 0x0000000080b00000, 0x0000000080b00000|100%| O|  |TAMS 0x0000000080b00000, 0x0000000080a00000| Untracked 
|  11|0x0000000080b00000, 0x0000000080c00000, 0x0000000080c00000|100%| O|  |TAMS 0x0000000080c00000, 0x0000000080b00000| Untracked 
|  12|0x0000000080c00000, 0x0000000080d00000, 0x0000000080d00000|100%| O|  |TAMS 0x0000000080d00000, 0x0000000080c00000| Untracked 
|  13|0x0000000080d00000, 0x0000000080e00000, 0x0000000080e00000|100%| O|  |TAMS 0x0000000080e00000, 0x0000000080d00000| Untracked 
|  14|0x0000000080e00000, 0x0000000080e39600, 0x0000000080f00000| 22%| O|  |TAMS 0x0000000080e39600, 0x0000000080e00000| Untracked 
|  15|0x0000000080f00000, 0x0000000081000000, 0x0000000081000000|100%| O|  |TAMS 0x0000000081000000, 0x0000000080f00000| Untracked 
|  16|0x0000000081000000, 0x0000000081100000, 0x0000000081100000|100%| O|  |TAMS 0x0000000081100000, 0x0000000081000000| Untracked 
|  17|0x0000000081100000, 0x0000000081200000, 0x0000000081200000|100%| O|  |TAMS 0x0000000081200000, 0x0000000081100000| Untracked 
|  18|0x0000000081200000, 0x0000000081300000, 0x0000000081300000|100%| O|  |TAMS 0x0000000081300000, 0x0000000081200000| Untracked 
|  19|0x0000000081300000, 0x0000000081400000, 0x0000000081400000|100%| O|  |TAMS 0x0000000081400000, 0x0000000081300000| Untracked 
|  20|0x0000000081400000, 0x0000000081500000, 0x0000000081500000|100%| O|  |TAMS 0x0000000081500000, 0x0000000081400000| Untracked 
|  21|0x0000000081500000, 0x0000000081600000, 0x0000000081600000|100%| O|  |TAMS 0x0000000081600000, 0x0000000081500000| Untracked 
|  22|0x0000000081600000, 0x0000000081700000, 0x0000000081700000|100%| O|  |TAMS 0x0000000081700000, 0x0000000081600000| Untracked 
|  23|0x0000000081700000, 0x0000000081800000, 0x0000000081800000|100%| O|  |TAMS 0x0000000081700000, 0x0000000081700000| Untracked 
|  24|0x0000000081800000, 0x0000000081900000, 0x0000000081900000|100%| O|  |TAMS 0x0000000081800000, 0x0000000081800000| Untracked 
|  25|0x0000000081900000, 0x0000000081a00000, 0x0000000081a00000|100%| O|  |TAMS 0x0000000081900000, 0x0000000081900000| Untracked 
|  26|0x0000000081a00000, 0x0000000081b00000, 0x0000000081b00000|100%| O|  |TAMS 0x0000000081b00000, 0x0000000081a00000| Untracked 
|  27|0x0000000081b00000, 0x0000000081c00000, 0x0000000081c00000|100%| O|  |TAMS 0x0000000081c00000, 0x0000000081b00000| Untracked 
|  28|0x0000000081c00000, 0x0000000081d00000, 0x0000000081d00000|100%| O|  |TAMS 0x0000000081d00000, 0x0000000081c00000| Untracked 
|  29|0x0000000081d00000, 0x0000000081e00000, 0x0000000081e00000|100%| O|  |TAMS 0x0000000081e00000, 0x0000000081d00000| Untracked 
|  30|0x0000000081e00000, 0x0000000081f00000, 0x0000000081f00000|100%| O|  |TAMS 0x0000000081ea8600, 0x0000000081e00000| Untracked 
|  31|0x0000000081f00000, 0x0000000082000000, 0x0000000082000000|100%| O|  |TAMS 0x0000000081f00000, 0x0000000081f00000| Untracked 
|  32|0x0000000082000000, 0x0000000082100000, 0x0000000082100000|100%| O|  |TAMS 0x0000000082000000, 0x0000000082000000| Untracked 
|  33|0x0000000082100000, 0x0000000082200000, 0x0000000082200000|100%| O|  |TAMS 0x0000000082100000, 0x0000000082100000| Untracked 
|  34|0x0000000082200000, 0x0000000082300000, 0x0000000082300000|100%| O|  |TAMS 0x0000000082200000, 0x0000000082200000| Untracked 
|  35|0x0000000082300000, 0x0000000082400000, 0x0000000082400000|100%| O|  |TAMS 0x0000000082300000, 0x0000000082300000| Untracked 
|  36|0x0000000082400000, 0x0000000082500000, 0x0000000082500000|100%| O|  |TAMS 0x0000000082400000, 0x0000000082400000| Untracked 
|  37|0x0000000082500000, 0x0000000082600000, 0x0000000082600000|100%| O|  |TAMS 0x0000000082500000, 0x0000000082500000| Untracked 
|  38|0x0000000082600000, 0x00000000826e1200, 0x0000000082700000| 87%| O|  |TAMS 0x0000000082600000, 0x0000000082600000| Untracked 
|  39|0x0000000082700000, 0x0000000082700000, 0x0000000082800000|  0%| F|  |TAMS 0x0000000082700000, 0x0000000082700000| Untracked 
|  40|0x0000000082800000, 0x0000000082800000, 0x0000000082900000|  0%| F|  |TAMS 0x0000000082800000, 0x0000000082800000| Untracked 
|  41|0x0000000082900000, 0x0000000082900000, 0x0000000082a00000|  0%| F|  |TAMS 0x0000000082900000, 0x0000000082900000| Untracked 
|  42|0x0000000082a00000, 0x0000000082a00000, 0x0000000082b00000|  0%| F|  |TAMS 0x0000000082a00000, 0x0000000082a00000| Untracked 
|  43|0x0000000082b00000, 0x0000000082b00000, 0x0000000082c00000|  0%| F|  |TAMS 0x0000000082b00000, 0x0000000082b00000| Untracked 
|  44|0x0000000082c00000, 0x0000000082c00000, 0x0000000082d00000|  0%| F|  |TAMS 0x0000000082c00000, 0x0000000082c00000| Untracked 
|  45|0x0000000082d00000, 0x0000000082d00000, 0x0000000082e00000|  0%| F|  |TAMS 0x0000000082d00000, 0x0000000082d00000| Untracked 
|  46|0x0000000082e00000, 0x0000000082e00000, 0x0000000082f00000|  0%| F|  |TAMS 0x0000000082e00000, 0x0000000082e00000| Untracked 
|  47|0x0000000082f00000, 0x0000000082f00000, 0x0000000083000000|  0%| F|  |TAMS 0x0000000082f00000, 0x0000000082f00000| Untracked 
|  48|0x0000000083000000, 0x0000000083000000, 0x0000000083100000|  0%| F|  |TAMS 0x0000000083000000, 0x0000000083000000| Untracked 
|  49|0x0000000083100000, 0x0000000083100000, 0x0000000083200000|  0%| F|  |TAMS 0x0000000083100000, 0x0000000083100000| Untracked 
|  50|0x0000000083200000, 0x0000000083200000, 0x0000000083300000|  0%| F|  |TAMS 0x0000000083200000, 0x0000000083200000| Untracked 
|  51|0x0000000083300000, 0x00000000833be050, 0x0000000083400000| 74%| S|CS|TAMS 0x0000000083300000, 0x0000000083300000| Complete 
|  52|0x0000000083400000, 0x0000000083400000, 0x0000000083500000|  0%| F|  |TAMS 0x0000000083400000, 0x0000000083400000| Untracked 
|  53|0x0000000083500000, 0x0000000083600000, 0x0000000083600000|100%| S|CS|TAMS 0x0000000083500000, 0x0000000083500000| Complete 
|  54|0x0000000083600000, 0x0000000083700000, 0x0000000083700000|100%| S|CS|TAMS 0x0000000083600000, 0x0000000083600000| Complete 
|  55|0x0000000083700000, 0x0000000083700000, 0x0000000083800000|  0%| F|  |TAMS 0x0000000083700000, 0x0000000083700000| Untracked 
|  56|0x0000000083800000, 0x0000000083900000, 0x0000000083900000|100%| S|CS|TAMS 0x0000000083800000, 0x0000000083800000| Complete 
|  57|0x0000000083900000, 0x0000000083900000, 0x0000000083a00000|  0%| F|  |TAMS 0x0000000083900000, 0x0000000083900000| Untracked 
|  58|0x0000000083a00000, 0x0000000083a00000, 0x0000000083b00000|  0%| F|  |TAMS 0x0000000083a00000, 0x0000000083a00000| Untracked 
|  59|0x0000000083b00000, 0x0000000083b00000, 0x0000000083c00000|  0%| F|  |TAMS 0x0000000083b00000, 0x0000000083b00000| Untracked 
|  60|0x0000000083c00000, 0x0000000083c00000, 0x0000000083d00000|  0%| F|  |TAMS 0x0000000083c00000, 0x0000000083c00000| Untracked 
|  61|0x0000000083d00000, 0x0000000083d00000, 0x0000000083e00000|  0%| F|  |TAMS 0x0000000083d00000, 0x0000000083d00000| Untracked 
|  62|0x0000000083e00000, 0x0000000083e00000, 0x0000000083f00000|  0%| F|  |TAMS 0x0000000083e00000, 0x0000000083e00000| Untracked 
|  63|0x0000000083f00000, 0x0000000083f00000, 0x0000000084000000|  0%| F|  |TAMS 0x0000000083f00000, 0x0000000083f00000| Untracked 
|  64|0x0000000084000000, 0x0000000084000000, 0x0000000084100000|  0%| F|  |TAMS 0x0000000084000000, 0x0000000084000000| Untracked 
|  65|0x0000000084100000, 0x0000000084200000, 0x0000000084200000|100%| E|  |TAMS 0x0000000084100000, 0x0000000084100000| Complete 
|  66|0x0000000084200000, 0x0000000084300000, 0x0000000084300000|100%| E|CS|TAMS 0x0000000084200000, 0x0000000084200000| Complete 
|  67|0x0000000084300000, 0x0000000084400000, 0x0000000084400000|100%| E|CS|TAMS 0x0000000084300000, 0x0000000084300000| Complete 
|  68|0x0000000084400000, 0x0000000084500000, 0x0000000084500000|100%| E|CS|TAMS 0x0000000084400000, 0x0000000084400000| Complete 
|  69|0x0000000084500000, 0x0000000084600000, 0x0000000084600000|100%| E|CS|TAMS 0x0000000084500000, 0x0000000084500000| Complete 
|  70|0x0000000084600000, 0x0000000084700000, 0x0000000084700000|100%| E|CS|TAMS 0x0000000084600000, 0x0000000084600000| Complete 
|  71|0x0000000084700000, 0x0000000084800000, 0x0000000084800000|100%| E|CS|TAMS 0x0000000084700000, 0x0000000084700000| Complete 
|  72|0x0000000084800000, 0x0000000084900000, 0x0000000084900000|100%| E|CS|TAMS 0x0000000084800000, 0x0000000084800000| Complete 
|  73|0x0000000084900000, 0x0000000084a00000, 0x0000000084a00000|100%| E|CS|TAMS 0x0000000084900000, 0x0000000084900000| Complete 
|  74|0x0000000084a00000, 0x0000000084b00000, 0x0000000084b00000|100%| E|CS|TAMS 0x0000000084a00000, 0x0000000084a00000| Complete 
|  75|0x0000000084b00000, 0x0000000084c00000, 0x0000000084c00000|100%| E|CS|TAMS 0x0000000084b00000, 0x0000000084b00000| Complete 
|  76|0x0000000084c00000, 0x0000000084d00000, 0x0000000084d00000|100%| E|CS|TAMS 0x0000000084c00000, 0x0000000084c00000| Complete 
|  77|0x0000000084d00000, 0x0000000084e00000, 0x0000000084e00000|100%| E|CS|TAMS 0x0000000084d00000, 0x0000000084d00000| Complete 
|  78|0x0000000084e00000, 0x0000000084f00000, 0x0000000084f00000|100%| E|CS|TAMS 0x0000000084e00000, 0x0000000084e00000| Complete 
|  79|0x0000000084f00000, 0x0000000085000000, 0x0000000085000000|100%| E|CS|TAMS 0x0000000084f00000, 0x0000000084f00000| Complete 
|  80|0x0000000085000000, 0x0000000085100000, 0x0000000085100000|100%| E|CS|TAMS 0x0000000085000000, 0x0000000085000000| Complete 
|  81|0x0000000085100000, 0x0000000085200000, 0x0000000085200000|100%| E|CS|TAMS 0x0000000085100000, 0x0000000085100000| Complete 
|  82|0x0000000085200000, 0x0000000085300000, 0x0000000085300000|100%| E|CS|TAMS 0x0000000085200000, 0x0000000085200000| Complete 
|  83|0x0000000085300000, 0x0000000085400000, 0x0000000085400000|100%| E|CS|TAMS 0x0000000085300000, 0x0000000085300000| Complete 
|  84|0x0000000085400000, 0x0000000085500000, 0x0000000085500000|100%| E|CS|TAMS 0x0000000085400000, 0x0000000085400000| Complete 
|  85|0x0000000085500000, 0x0000000085600000, 0x0000000085600000|100%| E|CS|TAMS 0x0000000085500000, 0x0000000085500000| Complete 
|  86|0x0000000085600000, 0x0000000085700000, 0x0000000085700000|100%| E|CS|TAMS 0x0000000085600000, 0x0000000085600000| Complete 
|  87|0x0000000085700000, 0x0000000085800000, 0x0000000085800000|100%| E|CS|TAMS 0x0000000085700000, 0x0000000085700000| Complete 
|  88|0x0000000085800000, 0x0000000085900000, 0x0000000085900000|100%| E|CS|TAMS 0x0000000085800000, 0x0000000085800000| Complete 
|  89|0x0000000085900000, 0x0000000085a00000, 0x0000000085a00000|100%| E|CS|TAMS 0x0000000085900000, 0x0000000085900000| Complete 
|  90|0x0000000085a00000, 0x0000000085b00000, 0x0000000085b00000|100%| E|CS|TAMS 0x0000000085a00000, 0x0000000085a00000| Complete 
|  91|0x0000000085b00000, 0x0000000085c00000, 0x0000000085c00000|100%| E|CS|TAMS 0x0000000085b00000, 0x0000000085b00000| Complete 
|  92|0x0000000085c00000, 0x0000000085d00000, 0x0000000085d00000|100%| E|CS|TAMS 0x0000000085c00000, 0x0000000085c00000| Complete 
|  93|0x0000000085d00000, 0x0000000085e00000, 0x0000000085e00000|100%| E|CS|TAMS 0x0000000085d00000, 0x0000000085d00000| Complete 
|  94|0x0000000085e00000, 0x0000000085f00000, 0x0000000085f00000|100%| E|CS|TAMS 0x0000000085e00000, 0x0000000085e00000| Complete 
|  95|0x0000000085f00000, 0x0000000086000000, 0x0000000086000000|100%| E|CS|TAMS 0x0000000085f00000, 0x0000000085f00000| Complete 
| 223|0x000000008df00000, 0x000000008e000000, 0x000000008e000000|100%| E|CS|TAMS 0x000000008df00000, 0x000000008df00000| Complete 
| 224|0x000000008e000000, 0x000000008e100000, 0x000000008e100000|100%| E|CS|TAMS 0x000000008e000000, 0x000000008e000000| Complete 
| 225|0x000000008e100000, 0x000000008e200000, 0x000000008e200000|100%| E|CS|TAMS 0x000000008e100000, 0x000000008e100000| Complete 
| 226|0x000000008e200000, 0x000000008e300000, 0x000000008e300000|100%| E|CS|TAMS 0x000000008e200000, 0x000000008e200000| Complete 
| 227|0x000000008e300000, 0x000000008e400000, 0x000000008e400000|100%| E|CS|TAMS 0x000000008e300000, 0x000000008e300000| Complete 
| 228|0x000000008e400000, 0x000000008e500000, 0x000000008e500000|100%| E|CS|TAMS 0x000000008e400000, 0x000000008e400000| Complete 
| 229|0x000000008e500000, 0x000000008e600000, 0x000000008e600000|100%| E|CS|TAMS 0x000000008e500000, 0x000000008e500000| Complete 
| 230|0x000000008e600000, 0x000000008e700000, 0x000000008e700000|100%| E|CS|TAMS 0x000000008e600000, 0x000000008e600000| Complete 
| 253|0x000000008fd00000, 0x000000008fe00000, 0x000000008fe00000|100%| E|CS|TAMS 0x000000008fd00000, 0x000000008fd00000| Complete 

Card table byte_map: [0x000001c87c040000,0x000001c87c440000] _byte_map_base: 0x000001c87bc40000

Marking Bits (Prev, Next): (CMBitMap*) 0x000001c8692e8a70, (CMBitMap*) 0x000001c8692e8ab0
 Prev Bits: [0x000001c87c840000, 0x000001c87e840000)
 Next Bits: [0x000001c800000000, 0x000001c802000000)

Polling page: 0x000001c867060000

Metaspace:

Usage:
  Non-class:     41.89 MB used.
      Class:      5.00 MB used.
       Both:     46.89 MB used.

Virtual space:
  Non-class space:       64.00 MB reserved,      42.38 MB ( 66%) committed,  1 nodes.
      Class space:        1.00 GB reserved,       5.38 MB ( <1%) committed,  1 nodes.
             Both:        1.06 GB reserved,      47.75 MB (  4%) committed. 

Chunk freelists:
   Non-Class:  5.09 MB
       Class:  10.50 MB
        Both:  15.59 MB

MaxMetaspaceSize: unlimited
CompressedClassSpaceSize: 1.00 GB
Initial GC threshold: 21.00 MB
Current GC threshold: 58.88 MB
CDS: off
MetaspaceReclaimPolicy: balanced
 - commit_granule_bytes: 65536.
 - commit_granule_words: 8192.
 - virtual_space_node_default_size: 8388608.
 - enlarge_chunks_in_place: 1.
 - new_chunks_are_fully_committed: 0.
 - uncommit_free_chunks: 1.
 - use_allocation_guard: 0.
 - handle_deallocations: 1.


Internal statistics:

num_allocs_failed_limit: 6.
num_arena_births: 964.
num_arena_deaths: 0.
num_vsnodes_births: 2.
num_vsnodes_deaths: 0.
num_space_committed: 764.
num_space_uncommitted: 0.
num_chunks_returned_to_freelist: 6.
num_chunks_taken_from_freelist: 2293.
num_chunk_merges: 3.
num_chunk_splits: 1441.
num_chunks_enlarged: 827.
num_inconsistent_stats: 0.

CodeHeap 'non-profiled nmethods': size=120000Kb used=4722Kb max_used=5305Kb free=115277Kb
 bounds [0x000001c8743e0000, 0x000001c874910000, 0x000001c87b910000]
CodeHeap 'profiled nmethods': size=120000Kb used=15301Kb max_used=16986Kb free=104698Kb
 bounds [0x000001c86c910000, 0x000001c86d9d0000, 0x000001c873e40000]
CodeHeap 'non-nmethods': size=5760Kb used=2315Kb max_used=2396Kb free=3444Kb
 bounds [0x000001c873e40000, 0x000001c8740b0000, 0x000001c8743e0000]
 total_blobs=7956 nmethods=7127 adapters=741
 compilation: enabled
              stopped_count=0, restarted_count=0
 full_count=0

Compilation events (20 events):
Event: 115.972 Thread 0x000001c87f3ecf40 nmethod 8674 0x000001c86ca20710 code [0x000001c86ca20940, 0x000001c86ca21268]
Event: 115.972 Thread 0x000001c87f3ecf40 8676       3       groovyjarjarasm.asm.FieldWriter::computeFieldInfoSize (86 bytes)
Event: 115.973 Thread 0x000001c87f3ecf40 nmethod 8676 0x000001c86cdb8d10 code [0x000001c86cdb8ee0, 0x000001c86cdb91b8]
Event: 115.973 Thread 0x000001c87f3ecf40 8677       3       groovyjarjarasm.asm.FieldWriter::putFieldInfo (269 bytes)
Event: 115.974 Thread 0x000001c87f3ecf40 nmethod 8677 0x000001c86ca41b90 code [0x000001c86ca41e00, 0x000001c86ca42748]
Event: 117.420 Thread 0x000001c87f3ecf40 8678       3       java.util.stream.AbstractPipeline::spliterator (116 bytes)
Event: 117.421 Thread 0x000001c87f3ecf40 nmethod 8678 0x000001c86c96bd90 code [0x000001c86c96c000, 0x000001c86c96cac8]
Event: 117.422 Thread 0x000001c87f383d80 8679       4       java.lang.System::checkKey (34 bytes)
Event: 117.422 Thread 0x000001c87f3ecf40 8680       3       com.sun.org.apache.xerces.internal.utils.XMLSecurityManager::getIndex (59 bytes)
Event: 117.423 Thread 0x000001c87f383d80 nmethod 8679 0x000001c8748a8310 code [0x000001c8748a8480, 0x000001c8748a8518]
Event: 117.423 Thread 0x000001c87f3ecf40 nmethod 8680 0x000001c86c9f7190 code [0x000001c86c9f73a0, 0x000001c86c9f7a78]
Event: 117.423 Thread 0x000001c87f3ecf40 8681   !   3       org.dom4j.io.SAXHelper::setParserFeature (17 bytes)
Event: 117.423 Thread 0x000001c87f3ecf40 nmethod 8681 0x000001c86cf20210 code [0x000001c86cf203c0, 0x000001c86cf205e8]
Event: 117.423 Thread 0x000001c87f3ecf40 8682       1       org.dom4j.io.SAXReader::isValidating (5 bytes)
Event: 117.423 Thread 0x000001c87f3ecf40 nmethod 8682 0x000001c874478690 code [0x000001c874478820, 0x000001c8744788f8]
Event: 117.423 Thread 0x000001c87f3ecf40 8683       1       org.dom4j.tree.DefaultDocument::getRootElement (5 bytes)
Event: 117.423 Thread 0x000001c87f3ecf40 nmethod 8683 0x000001c874478390 code [0x000001c874478520, 0x000001c8744785f8]
Event: 117.429 Thread 0x000001c87f3ecf40 8684       3       org.codehaus.groovy.ast.ClassNode::addConstructor (23 bytes)
Event: 117.430 Thread 0x000001c87f3ecf40 nmethod 8684 0x000001c86caa3310 code [0x000001c86caa34c0, 0x000001c86caa3738]
Event: 117.475 Thread 0x000001c87f383d80 8685   !   4       java.net.URLClassLoader::findClass (47 bytes)

GC Heap History (20 events):
Event: 22.015 GC heap before
{Heap before GC invocations=14 (full 0):
 garbage-first heap   total 107520K, used 85453K [0x0000000080000000, 0x0000000100000000)
  region size 1024K, 56 young (57344K), 8 survivors (8192K)
 Metaspace       used 45170K, committed 45824K, reserved 1114112K
  class space    used 4989K, committed 5312K, reserved 1048576K
}
Event: 22.026 GC heap after
{Heap after GC invocations=15 (full 0):
 garbage-first heap   total 107520K, used 37816K [0x0000000080000000, 0x0000000100000000)
  region size 1024K, 2 young (2048K), 2 survivors (2048K)
 Metaspace       used 45170K, committed 45824K, reserved 1114112K
  class space    used 4989K, committed 5312K, reserved 1048576K
}
Event: 30.006 GC heap before
{Heap before GC invocations=15 (full 0):
 garbage-first heap   total 107520K, used 85944K [0x0000000080000000, 0x0000000100000000)
  region size 1024K, 49 young (50176K), 2 survivors (2048K)
 Metaspace       used 45924K, committed 46592K, reserved 1114112K
  class space    used 5047K, committed 5376K, reserved 1048576K
}
Event: 30.012 GC heap after
{Heap after GC invocations=16 (full 0):
 garbage-first heap   total 107520K, used 38899K [0x0000000080000000, 0x0000000100000000)
  region size 1024K, 3 young (3072K), 3 survivors (3072K)
 Metaspace       used 45924K, committed 46592K, reserved 1114112K
  class space    used 5047K, committed 5376K, reserved 1048576K
}
Event: 34.796 GC heap before
{Heap before GC invocations=16 (full 0):
 garbage-first heap   total 107520K, used 86003K [0x0000000080000000, 0x0000000100000000)
  region size 1024K, 50 young (51200K), 3 survivors (3072K)
 Metaspace       used 46187K, committed 46912K, reserved 1114112K
  class space    used 5065K, committed 5376K, reserved 1048576K
}
Event: 34.801 GC heap after
{Heap after GC invocations=17 (full 0):
 garbage-first heap   total 107520K, used 39038K [0x0000000080000000, 0x0000000100000000)
  region size 1024K, 3 young (3072K), 3 survivors (3072K)
 Metaspace       used 46187K, committed 46912K, reserved 1114112K
  class space    used 5065K, committed 5376K, reserved 1048576K
}
Event: 44.183 GC heap before
{Heap before GC invocations=17 (full 0):
 garbage-first heap   total 107520K, used 88190K [0x0000000080000000, 0x0000000100000000)
  region size 1024K, 51 young (52224K), 3 survivors (3072K)
 Metaspace       used 46513K, committed 47168K, reserved 1114112K
  class space    used 5073K, committed 5376K, reserved 1048576K
}
Event: 44.191 GC heap after
{Heap after GC invocations=18 (full 0):
 garbage-first heap   total 107520K, used 39926K [0x0000000080000000, 0x0000000100000000)
  region size 1024K, 4 young (4096K), 4 survivors (4096K)
 Metaspace       used 46513K, committed 47168K, reserved 1114112K
  class space    used 5073K, committed 5376K, reserved 1048576K
}
Event: 58.112 GC heap before
{Heap before GC invocations=18 (full 0):
 garbage-first heap   total 107520K, used 89078K [0x0000000080000000, 0x0000000100000000)
  region size 1024K, 52 young (53248K), 4 survivors (4096K)
 Metaspace       used 46872K, committed 47616K, reserved 1114112K
  class space    used 5078K, committed 5440K, reserved 1048576K
}
Event: 58.118 GC heap after
{Heap after GC invocations=19 (full 0):
 garbage-first heap   total 107520K, used 40468K [0x0000000080000000, 0x0000000100000000)
  region size 1024K, 5 young (5120K), 5 survivors (5120K)
 Metaspace       used 46872K, committed 47616K, reserved 1114112K
  class space    used 5078K, committed 5440K, reserved 1048576K
}
Event: 66.875 GC heap before
{Heap before GC invocations=19 (full 0):
 garbage-first heap   total 107520K, used 88596K [0x0000000080000000, 0x0000000100000000)
  region size 1024K, 52 young (53248K), 5 survivors (5120K)
 Metaspace       used 47143K, committed 47872K, reserved 1114112K
  class space    used 5090K, committed 5440K, reserved 1048576K
}
Event: 66.884 GC heap after
{Heap after GC invocations=20 (full 0):
 garbage-first heap   total 107520K, used 41187K [0x0000000080000000, 0x0000000100000000)
  region size 1024K, 4 young (4096K), 4 survivors (4096K)
 Metaspace       used 47143K, committed 47872K, reserved 1114112K
  class space    used 5090K, committed 5440K, reserved 1048576K
}
Event: 82.024 GC heap before
{Heap before GC invocations=20 (full 0):
 garbage-first heap   total 107520K, used 90339K [0x0000000080000000, 0x0000000100000000)
  region size 1024K, 52 young (53248K), 4 survivors (4096K)
 Metaspace       used 47348K, committed 48128K, reserved 1114112K
  class space    used 5096K, committed 5440K, reserved 1048576K
}
Event: 82.033 GC heap after
{Heap after GC invocations=21 (full 0):
 garbage-first heap   total 107520K, used 41551K [0x0000000080000000, 0x0000000100000000)
  region size 1024K, 4 young (4096K), 4 survivors (4096K)
 Metaspace       used 47348K, committed 48128K, reserved 1114112K
  class space    used 5096K, committed 5440K, reserved 1048576K
}
Event: 84.139 GC heap before
{Heap before GC invocations=21 (full 0):
 garbage-first heap   total 107520K, used 90703K [0x0000000080000000, 0x0000000100000000)
  region size 1024K, 52 young (53248K), 4 survivors (4096K)
 Metaspace       used 47454K, committed 48320K, reserved 1114112K
  class space    used 5103K, committed 5504K, reserved 1048576K
}
Event: 84.148 GC heap after
{Heap after GC invocations=22 (full 0):
 garbage-first heap   total 107520K, used 42260K [0x0000000080000000, 0x0000000100000000)
  region size 1024K, 4 young (4096K), 4 survivors (4096K)
 Metaspace       used 47454K, committed 48320K, reserved 1114112K
  class space    used 5103K, committed 5504K, reserved 1048576K
}
Event: 96.414 GC heap before
{Heap before GC invocations=22 (full 0):
 garbage-first heap   total 107520K, used 90388K [0x0000000080000000, 0x0000000100000000)
  region size 1024K, 51 young (52224K), 4 survivors (4096K)
 Metaspace       used 47694K, committed 48576K, reserved 1114112K
  class space    used 5110K, committed 5504K, reserved 1048576K
}
Event: 96.427 GC heap after
{Heap after GC invocations=23 (full 0):
 garbage-first heap   total 107520K, used 42580K [0x0000000080000000, 0x0000000100000000)
  region size 1024K, 4 young (4096K), 4 survivors (4096K)
 Metaspace       used 47694K, committed 48576K, reserved 1114112K
  class space    used 5110K, committed 5504K, reserved 1048576K
}
Event: 107.515 GC heap before
{Heap before GC invocations=23 (full 0):
 garbage-first heap   total 107520K, used 89684K [0x0000000080000000, 0x0000000100000000)
  region size 1024K, 51 young (52224K), 4 survivors (4096K)
 Metaspace       used 47806K, committed 48704K, reserved 1114112K
  class space    used 5115K, committed 5504K, reserved 1048576K
}
Event: 107.521 GC heap after
{Heap after GC invocations=24 (full 0):
 garbage-first heap   total 107520K, used 42850K [0x0000000080000000, 0x0000000100000000)
  region size 1024K, 4 young (4096K), 4 survivors (4096K)
 Metaspace       used 47806K, committed 48704K, reserved 1114112K
  class space    used 5115K, committed 5504K, reserved 1048576K
}

Dll operation events (7 events):
Event: 0.009 Loaded shared library C:\Users\ACER\.katalon\packages\Katalon_Studio_Windows_64-9.1.0\Katalon_Studio_Windows_64-9.1.0\jre\bin\java.dll
Event: 0.429 Loaded shared library C:\Users\ACER\.katalon\packages\Katalon_Studio_Windows_64-9.1.0\Katalon_Studio_Windows_64-9.1.0\jre\bin\net.dll
Event: 0.431 Loaded shared library C:\Users\ACER\.katalon\packages\Katalon_Studio_Windows_64-9.1.0\Katalon_Studio_Windows_64-9.1.0\jre\bin\nio.dll
Event: 0.443 Loaded shared library C:\Users\ACER\.katalon\packages\Katalon_Studio_Windows_64-9.1.0\Katalon_Studio_Windows_64-9.1.0\jre\bin\zip.dll
Event: 0.867 Loaded shared library C:\Users\ACER\.katalon\packages\Katalon_Studio_Windows_64-9.1.0\Katalon_Studio_Windows_64-9.1.0\jre\bin\verify.dll
Event: 1.159 Loaded shared library C:\Users\ACER\.katalon\packages\Katalon_Studio_Windows_64-9.1.0\Katalon_Studio_Windows_64-9.1.0\jre\bin\jimage.dll
Event: 10.928 Loaded shared library C:\Users\ACER\.katalon\packages\Katalon_Studio_Windows_64-9.1.0\Katalon_Studio_Windows_64-9.1.0\jre\bin\sunmscapi.dll

Deoptimization events (20 events):
Event: 104.604 Thread 0x000001c86928bc00 Uncommon trap: trap_request=0xffffffbe fr.pc=0x000001c87490a9b4 relative=0x00000000000006b4
Event: 104.604 Thread 0x000001c86928bc00 Uncommon trap: reason=profile_predicate action=maybe_recompile pc=0x000001c87490a9b4 method=groovy.lang.MetaClassImpl$MethodIndexAction.iterate()V @ 78 c2
Event: 104.604 Thread 0x000001c86928bc00 DEOPT PACKING pc=0x000001c87490a9b4 sp=0x000000a9015fb680
Event: 104.604 Thread 0x000001c86928bc00 DEOPT UNPACKING pc=0x000001c873e969a3 sp=0x000000a9015fb658 mode 2
Event: 104.605 Thread 0x000001c86928bc00 Uncommon trap: trap_request=0xffffffbe fr.pc=0x000001c87490a9b4 relative=0x00000000000006b4
Event: 104.605 Thread 0x000001c86928bc00 Uncommon trap: reason=profile_predicate action=maybe_recompile pc=0x000001c87490a9b4 method=groovy.lang.MetaClassImpl$MethodIndexAction.iterate()V @ 78 c2
Event: 104.605 Thread 0x000001c86928bc00 DEOPT PACKING pc=0x000001c87490a9b4 sp=0x000000a9015fb680
Event: 104.605 Thread 0x000001c86928bc00 DEOPT UNPACKING pc=0x000001c873e969a3 sp=0x000000a9015fb658 mode 2
Event: 106.950 Thread 0x000001c86928bc00 Uncommon trap: trap_request=0xffffffbe fr.pc=0x000001c87490a9b4 relative=0x00000000000006b4
Event: 106.950 Thread 0x000001c86928bc00 Uncommon trap: reason=profile_predicate action=maybe_recompile pc=0x000001c87490a9b4 method=groovy.lang.MetaClassImpl$MethodIndexAction.iterate()V @ 78 c2
Event: 106.950 Thread 0x000001c86928bc00 DEOPT PACKING pc=0x000001c87490a9b4 sp=0x000000a9015fb680
Event: 106.950 Thread 0x000001c86928bc00 DEOPT UNPACKING pc=0x000001c873e969a3 sp=0x000000a9015fb658 mode 2
Event: 106.950 Thread 0x000001c86928bc00 Uncommon trap: trap_request=0xffffffbe fr.pc=0x000001c87490a9b4 relative=0x00000000000006b4
Event: 106.950 Thread 0x000001c86928bc00 Uncommon trap: reason=profile_predicate action=maybe_recompile pc=0x000001c87490a9b4 method=groovy.lang.MetaClassImpl$MethodIndexAction.iterate()V @ 78 c2
Event: 106.950 Thread 0x000001c86928bc00 DEOPT PACKING pc=0x000001c87490a9b4 sp=0x000000a9015fb680
Event: 106.950 Thread 0x000001c86928bc00 DEOPT UNPACKING pc=0x000001c873e969a3 sp=0x000000a9015fb658 mode 2
Event: 107.504 Thread 0x000001c86928bc00 Uncommon trap: trap_request=0xffffff45 fr.pc=0x000001c87488640c relative=0x00000000000045cc
Event: 107.504 Thread 0x000001c86928bc00 Uncommon trap: reason=unstable_if action=reinterpret pc=0x000001c87488640c method=jdk.internal.jimage.ImageLocation.verifyName(Ljava/lang/String;Ljava/lang/String;IIIIIILjdk/internal/jimage/ImageStrings;)Z @ 27 c2
Event: 107.504 Thread 0x000001c86928bc00 DEOPT PACKING pc=0x000001c87488640c sp=0x000000a9015faa60
Event: 107.504 Thread 0x000001c86928bc00 DEOPT UNPACKING pc=0x000001c873e969a3 sp=0x000000a9015fa740 mode 2

Classes unloaded (0 events):
No events

Classes redefined (0 events):
No events

Internal exceptions (20 events):
Event: 107.686 Thread 0x000001c86928bc00 Exception <a 'java/lang/ClassNotFoundException'{0x0000000085f6cef8}: Script40Customizer> (0x0000000085f6cef8) 
thrown [s\src\hotspot\share\classfile\systemDictionary.cpp, line 256]
Event: 107.696 Thread 0x000001c86928bc00 Exception <a 'java/net/SocketException'{0x0000000085ef3468}: Socket is not connected: shutdown> (0x0000000085ef3468) 
thrown [s\src\hotspot\share\prims\jni.cpp, line 535]
Event: 107.779 Thread 0x000001c80c05c8b0 Exception <a 'java/net/ConnectException'{0x0000000085d81498}: Connection refused: no further information> (0x0000000085d81498) 
thrown [s\src\hotspot\share\prims\jni.cpp, line 535]
Event: 107.779 Thread 0x000001c80c05c8b0 Exception <a 'java/net/SocketException'{0x0000000085d817d0}: Socket is not connected: shutdown> (0x0000000085d817d0) 
thrown [s\src\hotspot\share\prims\jni.cpp, line 535]
Event: 107.793 Thread 0x000001c80c05c8b0 Exception <a 'java/net/ConnectException'{0x0000000085d82738}: Connection refused: no further information> (0x0000000085d82738) 
thrown [s\src\hotspot\share\prims\jni.cpp, line 535]
Event: 107.793 Thread 0x000001c80c05c8b0 Exception <a 'java/net/SocketException'{0x0000000085d82a70}: Socket is not connected: shutdown> (0x0000000085d82a70) 
thrown [s\src\hotspot\share\prims\jni.cpp, line 535]
Event: 107.839 Thread 0x000001c80c05c8b0 Exception <a 'java/net/ConnectException'{0x0000000085d839d8}: Connection refused: no further information> (0x0000000085d839d8) 
thrown [s\src\hotspot\share\prims\jni.cpp, line 535]
Event: 107.839 Thread 0x000001c80c05c8b0 Exception <a 'java/net/SocketException'{0x0000000085d83d10}: Socket is not connected: shutdown> (0x0000000085d83d10) 
thrown [s\src\hotspot\share\prims\jni.cpp, line 535]
Event: 111.326 Thread 0x000001c86928bc00 Exception <a 'java/lang/ClassNotFoundException'{0x000000008571ac30}: Script1BeanInfo> (0x000000008571ac30) 
thrown [s\src\hotspot\share\classfile\systemDictionary.cpp, line 256]
Event: 111.345 Thread 0x000001c86928bc00 Exception <a 'java/lang/ClassNotFoundException'{0x0000000085744390}: Script1Customizer> (0x0000000085744390) 
thrown [s\src\hotspot\share\classfile\systemDictionary.cpp, line 256]
Event: 112.258 Thread 0x000001c86928bc00 Exception <a 'java/lang/ClassNotFoundException'{0x00000000853395f0}: Script1BeanInfo> (0x00000000853395f0) 
thrown [s\src\hotspot\share\classfile\systemDictionary.cpp, line 256]
Event: 112.264 Thread 0x000001c86928bc00 Exception <a 'java/lang/ClassNotFoundException'{0x0000000085362d50}: Script1Customizer> (0x0000000085362d50) 
thrown [s\src\hotspot\share\classfile\systemDictionary.cpp, line 256]
Event: 113.813 Thread 0x000001c86928bc00 Exception <a 'java/lang/ClassNotFoundException'{0x0000000084fbf378}: Script1BeanInfo> (0x0000000084fbf378) 
thrown [s\src\hotspot\share\classfile\systemDictionary.cpp, line 256]
Event: 113.822 Thread 0x000001c86928bc00 Exception <a 'java/lang/ClassNotFoundException'{0x0000000084fe8ad8}: Script1Customizer> (0x0000000084fe8ad8) 
thrown [s\src\hotspot\share\classfile\systemDictionary.cpp, line 256]
Event: 114.645 Thread 0x000001c86928bc00 Exception <a 'java/lang/ClassNotFoundException'{0x0000000084bfc320}: Script1BeanInfo> (0x0000000084bfc320) 
thrown [s\src\hotspot\share\classfile\systemDictionary.cpp, line 256]
Event: 114.660 Thread 0x000001c86928bc00 Exception <a 'java/lang/ClassNotFoundException'{0x0000000084a25f40}: Script1Customizer> (0x0000000084a25f40) 
thrown [s\src\hotspot\share\classfile\systemDictionary.cpp, line 256]
Event: 115.982 Thread 0x000001c86928bc00 Exception <a 'java/lang/ClassNotFoundException'{0x0000000084616e58}: Script1BeanInfo> (0x0000000084616e58) 
thrown [s\src\hotspot\share\classfile\systemDictionary.cpp, line 256]
Event: 115.991 Thread 0x000001c86928bc00 Exception <a 'java/lang/ClassNotFoundException'{0x00000000846405b8}: Script1Customizer> (0x00000000846405b8) 
thrown [s\src\hotspot\share\classfile\systemDictionary.cpp, line 256]
Event: 117.485 Thread 0x000001c86928bc00 Exception <a 'java/lang/ClassNotFoundException'{0x0000000084238c28}: Script1BeanInfo> (0x0000000084238c28) 
thrown [s\src\hotspot\share\classfile\systemDictionary.cpp, line 256]
Event: 117.518 Thread 0x000001c86928bc00 Exception <a 'java/lang/ClassNotFoundException'{0x0000000084262388}: Script1Customizer> (0x0000000084262388) 
thrown [s\src\hotspot\share\classfile\systemDictionary.cpp, line 256]

VM Operations (20 events):
Event: 107.504 Executing VM operation: HandshakeAllThreads
Event: 107.504 Executing VM operation: HandshakeAllThreads done
Event: 107.515 Executing VM operation: G1CollectForAllocation
Event: 107.521 Executing VM operation: G1CollectForAllocation done
Event: 107.526 Executing VM operation: HandshakeAllThreads
Event: 107.526 Executing VM operation: HandshakeAllThreads done
Event: 108.527 Executing VM operation: Cleanup
Event: 108.527 Executing VM operation: Cleanup done
Event: 109.540 Executing VM operation: Cleanup
Event: 109.540 Executing VM operation: Cleanup done
Event: 111.553 Executing VM operation: Cleanup
Event: 111.553 Executing VM operation: Cleanup done
Event: 112.557 Executing VM operation: Cleanup
Event: 112.557 Executing VM operation: Cleanup done
Event: 115.587 Executing VM operation: Cleanup
Event: 115.587 Executing VM operation: Cleanup done
Event: 116.588 Executing VM operation: Cleanup
Event: 116.588 Executing VM operation: Cleanup done
Event: 117.591 Executing VM operation: Cleanup
Event: 117.591 Executing VM operation: Cleanup done

Events (20 events):
Event: 107.534 Thread 0x000001c87f3f9870 flushing nmethod 0x000001c86d32a090
Event: 107.534 Thread 0x000001c87f3f9870 flushing nmethod 0x000001c86d33d990
Event: 107.534 Thread 0x000001c87f3f9870 flushing nmethod 0x000001c86d353c90
Event: 107.534 Thread 0x000001c87f3f9870 flushing nmethod 0x000001c86d37f390
Event: 107.534 Thread 0x000001c87f3f9870 flushing nmethod 0x000001c86d396710
Event: 107.534 Thread 0x000001c87f3f9870 flushing nmethod 0x000001c86d3deb10
Event: 107.534 Thread 0x000001c87f3f9870 flushing nmethod 0x000001c86d3e3210
Event: 107.534 Thread 0x000001c87f3f9870 flushing nmethod 0x000001c86d3f4310
Event: 107.535 Thread 0x000001c87f3f9870 flushing nmethod 0x000001c86d41f190
Event: 107.535 Thread 0x000001c87f3f9870 flushing nmethod 0x000001c86d47c890
Event: 107.535 Thread 0x000001c87f3f9870 flushing nmethod 0x000001c86d48dc90
Event: 107.535 Thread 0x000001c87f3f9870 flushing nmethod 0x000001c86d48e690
Event: 107.535 Thread 0x000001c87f3f9870 flushing nmethod 0x000001c86d48ec10
Event: 107.535 Thread 0x000001c87f3f9870 flushing nmethod 0x000001c86d535610
Event: 107.535 Thread 0x000001c87f3f9870 flushing nmethod 0x000001c86d5d3490
Event: 107.536 Thread 0x000001c87f3f9870 flushing nmethod 0x000001c86d64e610
Event: 107.778 Thread 0x000001c809d4ca40 Thread added: 0x000001c809d4ca40
Event: 107.785 Thread 0x000001c809d48210 Thread added: 0x000001c809d48210
Event: 107.785 Thread 0x000001c809d49550 Thread added: 0x000001c809d49550
Event: 112.494 Thread 0x000001c809d4b230 Thread exited: 0x000001c809d4b230


Dynamic libraries:
0x00007ff7b6030000 - 0x00007ff7b603e000 	C:\Users\ACER\.katalon\packages\Katalon_Studio_Windows_64-9.1.0\Katalon_Studio_Windows_64-9.1.0\jre\bin\javaw.exe
0x00007ffe7d1d0000 - 0x00007ffe7d3c8000 	C:\WINDOWS\SYSTEM32\ntdll.dll
0x00007ffe7ce60000 - 0x00007ffe7cf1d000 	C:\WINDOWS\System32\KERNEL32.DLL
0x00007ffe7acc0000 - 0x00007ffe7afb6000 	C:\WINDOWS\System32\KERNELBASE.dll
0x00007ffe7a8b0000 - 0x00007ffe7a9b0000 	C:\WINDOWS\System32\ucrtbase.dll
0x00007ffe68250000 - 0x00007ffe68269000 	C:\Users\ACER\.katalon\packages\Katalon_Studio_Windows_64-9.1.0\Katalon_Studio_Windows_64-9.1.0\jre\bin\VCRUNTIME140.dll
0x00007ffe68230000 - 0x00007ffe68247000 	C:\Users\ACER\.katalon\packages\Katalon_Studio_Windows_64-9.1.0\Katalon_Studio_Windows_64-9.1.0\jre\bin\jli.dll
0x00007ffe7bb10000 - 0x00007ffe7bcae000 	C:\WINDOWS\System32\USER32.dll
0x00007ffe7b160000 - 0x00007ffe7b182000 	C:\WINDOWS\System32\win32u.dll
0x00007ffe5a100000 - 0x00007ffe5a39a000 	C:\WINDOWS\WinSxS\amd64_microsoft.windows.common-controls_6595b64144ccf1df_6.0.19041.3636_none_60b6a03d71f818d5\COMCTL32.dll
0x00007ffe7d060000 - 0x00007ffe7d08c000 	C:\WINDOWS\System32\GDI32.dll
0x00007ffe7b9a0000 - 0x00007ffe7ba3e000 	C:\WINDOWS\System32\msvcrt.dll
0x00007ffe7ab10000 - 0x00007ffe7ac2a000 	C:\WINDOWS\System32\gdi32full.dll
0x00007ffe7b190000 - 0x00007ffe7b22d000 	C:\WINDOWS\System32\msvcp_win.dll
0x00007ffe7bae0000 - 0x00007ffe7bb10000 	C:\WINDOWS\System32\IMM32.DLL
0x00007ffe76330000 - 0x00007ffe7633c000 	C:\Users\ACER\.katalon\packages\Katalon_Studio_Windows_64-9.1.0\Katalon_Studio_Windows_64-9.1.0\jre\bin\vcruntime140_1.dll
0x00007ffe21f00000 - 0x00007ffe21f91000 	C:\Users\ACER\.katalon\packages\Katalon_Studio_Windows_64-9.1.0\Katalon_Studio_Windows_64-9.1.0\jre\bin\msvcp140.dll
0x00007ffdf9990000 - 0x00007ffdfa5d8000 	C:\Users\ACER\.katalon\packages\Katalon_Studio_Windows_64-9.1.0\Katalon_Studio_Windows_64-9.1.0\jre\bin\server\jvm.dll
0x00007ffe7cd10000 - 0x00007ffe7cdbf000 	C:\WINDOWS\System32\ADVAPI32.dll
0x00007ffe7ba40000 - 0x00007ffe7badc000 	C:\WINDOWS\System32\sechost.dll
0x00007ffe7b230000 - 0x00007ffe7b356000 	C:\WINDOWS\System32\RPCRT4.dll
0x00007ffe74bb0000 - 0x00007ffe74bb9000 	C:\WINDOWS\SYSTEM32\WSOCK32.dll
0x00007ffe7d120000 - 0x00007ffe7d18b000 	C:\WINDOWS\System32\WS2_32.dll
0x00007ffe6d9a0000 - 0x00007ffe6d9c7000 	C:\WINDOWS\SYSTEM32\WINMM.dll
0x00007ffe745b0000 - 0x00007ffe745ba000 	C:\WINDOWS\SYSTEM32\VERSION.dll
0x00007ffe790c0000 - 0x00007ffe790d2000 	C:\WINDOWS\SYSTEM32\kernel.appcore.dll
0x00007ffe79040000 - 0x00007ffe7904a000 	C:\Users\ACER\.katalon\packages\Katalon_Studio_Windows_64-9.1.0\Katalon_Studio_Windows_64-9.1.0\jre\bin\jimage.dll
0x00007ffe78dd0000 - 0x00007ffe78fb4000 	C:\WINDOWS\SYSTEM32\DBGHELP.DLL
0x00007ffe652d0000 - 0x00007ffe65304000 	C:\WINDOWS\SYSTEM32\dbgcore.DLL
0x00007ffe7ac30000 - 0x00007ffe7acb2000 	C:\WINDOWS\System32\bcryptPrimitives.dll
0x00007ffe74c10000 - 0x00007ffe74c35000 	C:\Users\ACER\.katalon\packages\Katalon_Studio_Windows_64-9.1.0\Katalon_Studio_Windows_64-9.1.0\jre\bin\java.dll
0x00007ffe73d40000 - 0x00007ffe73d58000 	C:\Users\ACER\.katalon\packages\Katalon_Studio_Windows_64-9.1.0\Katalon_Studio_Windows_64-9.1.0\jre\bin\zip.dll
0x00007ffe7bd70000 - 0x00007ffe7c4b5000 	C:\WINDOWS\System32\SHELL32.dll
0x00007ffe78570000 - 0x00007ffe78d0b000 	C:\WINDOWS\SYSTEM32\windows.storage.dll
0x00007ffe7c4d0000 - 0x00007ffe7c824000 	C:\WINDOWS\System32\combase.dll
0x00007ffe7a2f0000 - 0x00007ffe7a31d000 	C:\WINDOWS\SYSTEM32\Wldp.dll
0x00007ffe7b8f0000 - 0x00007ffe7b99d000 	C:\WINDOWS\System32\SHCORE.dll
0x00007ffe7bd10000 - 0x00007ffe7bd65000 	C:\WINDOWS\System32\shlwapi.dll
0x00007ffe7a7e0000 - 0x00007ffe7a805000 	C:\WINDOWS\SYSTEM32\profapi.dll
0x00007ffe72d60000 - 0x00007ffe72d79000 	C:\Users\ACER\.katalon\packages\Katalon_Studio_Windows_64-9.1.0\Katalon_Studio_Windows_64-9.1.0\jre\bin\net.dll
0x00007ffe72760000 - 0x00007ffe7286a000 	C:\WINDOWS\SYSTEM32\WINHTTP.dll
0x00007ffe7a030000 - 0x00007ffe7a09a000 	C:\WINDOWS\system32\mswsock.dll
0x00007ffe68310000 - 0x00007ffe68325000 	C:\Users\ACER\.katalon\packages\Katalon_Studio_Windows_64-9.1.0\Katalon_Studio_Windows_64-9.1.0\jre\bin\nio.dll
0x00007ffe73190000 - 0x00007ffe731a0000 	C:\Users\ACER\.katalon\packages\Katalon_Studio_Windows_64-9.1.0\Katalon_Studio_Windows_64-9.1.0\jre\bin\verify.dll
0x00007ffe79d00000 - 0x00007ffe79dca000 	C:\WINDOWS\SYSTEM32\DNSAPI.dll
0x00007ffe79cc0000 - 0x00007ffe79cfb000 	C:\WINDOWS\SYSTEM32\IPHLPAPI.DLL
0x00007ffe7c830000 - 0x00007ffe7c838000 	C:\WINDOWS\System32\NSI.dll
0x00007ffe70960000 - 0x00007ffe7096a000 	C:\Windows\System32\rasadhlp.dll
0x00007ffe70c30000 - 0x00007ffe70cb0000 	C:\WINDOWS\System32\fwpuclnt.dll
0x00007ffe7b0e0000 - 0x00007ffe7b107000 	C:\WINDOWS\System32\bcrypt.dll
0x00007ffe72dc0000 - 0x00007ffe72dce000 	C:\Users\ACER\.katalon\packages\Katalon_Studio_Windows_64-9.1.0\Katalon_Studio_Windows_64-9.1.0\jre\bin\sunmscapi.dll
0x00007ffe7a9b0000 - 0x00007ffe7ab0d000 	C:\WINDOWS\System32\CRYPT32.dll
0x00007ffe7a360000 - 0x00007ffe7a387000 	C:\WINDOWS\SYSTEM32\ncrypt.dll
0x00007ffe7a320000 - 0x00007ffe7a35b000 	C:\WINDOWS\SYSTEM32\NTASN1.dll
0x00007ffe7a240000 - 0x00007ffe7a258000 	C:\WINDOWS\SYSTEM32\CRYPTSP.dll
0x00007ffe798d0000 - 0x00007ffe79904000 	C:\WINDOWS\system32\rsaenh.dll
0x00007ffe7a760000 - 0x00007ffe7a78e000 	C:\WINDOWS\SYSTEM32\USERENV.dll
0x00007ffe7a260000 - 0x00007ffe7a26c000 	C:\WINDOWS\SYSTEM32\CRYPTBASE.dll
0x00007ffe745e0000 - 0x00007ffe745f7000 	C:\WINDOWS\SYSTEM32\dhcpcsvc6.DLL
0x00007ffe74200000 - 0x00007ffe7421d000 	C:\WINDOWS\SYSTEM32\dhcpcsvc.DLL
0x00007ffe57de0000 - 0x00007ffe57df7000 	C:\WINDOWS\system32\napinsp.dll
0x00007ffe57dc0000 - 0x00007ffe57ddb000 	C:\WINDOWS\system32\pnrpnsp.dll
0x00007ffe57da0000 - 0x00007ffe57db5000 	C:\WINDOWS\system32\wshbth.dll
0x00007ffe760c0000 - 0x00007ffe760dd000 	C:\WINDOWS\system32\NLAapi.dll
0x00007ffe57640000 - 0x00007ffe57652000 	C:\WINDOWS\System32\winrnr.dll

dbghelp: loaded successfully - version: 4.0.5 - missing functions: none
symbol engine: initialized successfully - sym options: 0x614 - pdb path: .;C:\Users\ACER\.katalon\packages\Katalon_Studio_Windows_64-9.1.0\Katalon_Studio_Windows_64-9.1.0\jre\bin;C:\WINDOWS\SYSTEM32;C:\WINDOWS\WinSxS\amd64_microsoft.windows.common-controls_6595b64144ccf1df_6.0.19041.3636_none_60b6a03d71f818d5;C:\Users\ACER\.katalon\packages\Katalon_Studio_Windows_64-9.1.0\Katalon_Studio_Windows_64-9.1.0\jre\bin\server

VM Arguments:
jvm_args: -Dgroovy.home=C:\Users\ACER/.groovy -Djava.system.class.loader=groovy.lang.GroovyClassLoader -Xmx2048m -Dfile.encoding=UTF-8 -XX:+ShowCodeDetailsInExceptionMessages 
java_command: org.codehaus.groovy.tools.GroovyStarter --classpath C:\Users\ACER\git\G1_Firefly_testing\bin\keyword;C:\Users\ACER\git\G1_Firefly_testing\Keywords;C:\Users\ACER\git\G1_Firefly_testing\bin\listener;C:\Users\ACER\git\G1_Firefly_testing\Test Listeners;C:\Users\ACER\git\G1_Firefly_testing\bin\lib;C:\Users\ACER\git\G1_Firefly_testing\Libs;C:\Users\ACER\git\G1_Firefly_testing\bin\groovy;C:\Users\ACER\git\G1_Firefly_testing\Include\scripts\groovy;C:\Users\ACER\.katalon\packages\Katalon_Studio_Windows_64-9.1.0\Katalon_Studio_Windows_64-9.1.0\plugins\com.kms.katalon.core_1.0.0.202312010623.jar;C:\Users\ACER\.katalon\packages\Katalon_Studio_Windows_64-9.1.0\Katalon_Studio_Windows_64-9.1.0\configuration\resources\lib\aalto-xml-1.0.0.jar;C:\Users\ACER\.katalon\packages\Katalon_Studio_Windows_64-9.1.0\Katalon_Studio_Windows_64-9.1.0\configuration\resources\lib\aspectjweaver-1.9.1.jar;C:\Users\ACER\.katalon\packages\Katalon_Studio_Windows_64-9.1.0\Katalon_Studio_Windows_64-9.1.0\configuration\resources\lib\bcpkix-jdk15on-1.64.jar;C:\Users\ACER\.katalon\packages\Katalon_Studio_Windows_64-9.1.0\Katalon_Studio_Windows_64-9.1.0\configuration\resources\lib\bcprov-jdk15on-1.64.jar;C:\Users\ACER\.katalon\packages\Katalon_Studio_Windows_64-9.1.0\Katalon_Studio_Windows_64-9.1.0\configuration\resources\lib\browsermob-core-2.1.5.jar;C:\Users\ACER\.katalon\packages\Katalon_Studio_Windows_64-9.1.0\Katalon_Studio_Windows_64-9.1.0\configuration\resources\lib\cglib-3.2.10.jar;C:\Users\ACER\.katalon\packages\Katalon_Studio_Windows_64-9.1.0\Katalon_Studio_Windows_64-9.1.0\configuration\resources\lib\commons-codec-1.10.jar;C:\Users\ACER\.katalon\packages\Katalon_Studio_Windows_64-9.1.0\Katalon_Studio_Windows_64-9.1.0\configuration\resources\lib\commons-collections4-4.1.jar;C:\Users\ACER\.katalon\packages\Katalon_Studio_Windows_64-9.1.0\Katalon_Studio_Windows_64-9.1.0\configuration\resources\lib\commons-validator-1.6.jar;C:\Users\ACER\.katalon\packages\Katalon_Studio_Windows_64-9.1.0
java_class_path (initial): C:\Users\ACER\git\G1_Firefly_testing\bin\keyword;C:\Users\ACER\git\G1_Firefly_testing\bin\listener;C:\Users\ACER\git\G1_Firefly_testing\bin\lib;C:\Users\ACER\git\G1_Firefly_testing\bin\groovy;C:\Users\ACER\git\G1_Firefly_testing\bin;C:\Users\ACER\.katalon\packages\Katalon_Studio_Windows_64-9.1.0\Katalon_Studio_Windows_64-9.1.0\plugins\com.kms.katalon.core_1.0.0.202312010623.jar;C:\Users\ACER\.katalon\packages\Katalon_Studio_Windows_64-9.1.0\Katalon_Studio_Windows_64-9.1.0\configuration\resources\lib\aalto-xml-1.0.0.jar;C:\Users\ACER\.katalon\packages\Katalon_Studio_Windows_64-9.1.0\Katalon_Studio_Windows_64-9.1.0\configuration\resources\lib\aspectjweaver-1.9.1.jar;C:\Users\ACER\.katalon\packages\Katalon_Studio_Windows_64-9.1.0\Katalon_Studio_Windows_64-9.1.0\configuration\resources\lib\bcpkix-jdk15on-1.64.jar;C:\Users\ACER\.katalon\packages\Katalon_Studio_Windows_64-9.1.0\Katalon_Studio_Windows_64-9.1.0\configuration\resources\lib\bcprov-jdk15on-1.64.jar;C:\Users\ACER\.katalon\packages\Katalon_Studio_Windows_64-9.1.0\Katalon_Studio_Windows_64-9.1.0\configuration\resources\lib\browsermob-core-2.1.5.jar;C:\Users\ACER\.katalon\packages\Katalon_Studio_Windows_64-9.1.0\Katalon_Studio_Windows_64-9.1.0\configuration\resources\lib\cglib-3.2.10.jar;C:\Users\ACER\.katalon\packages\Katalon_Studio_Windows_64-9.1.0\Katalon_Studio_Windows_64-9.1.0\configuration\resources\lib\commons-codec-1.10.jar;C:\Users\ACER\.katalon\packages\Katalon_Studio_Windows_64-9.1.0\Katalon_Studio_Windows_64-9.1.0\configuration\resources\lib\commons-collections4-4.1.jar;C:\Users\ACER\.katalon\packages\Katalon_Studio_Windows_64-9.1.0\Katalon_Studio_Windows_64-9.1.0\configuration\resources\lib\commons-validator-1.6.jar;C:\Users\ACER\.katalon\packages\Katalon_Studio_Windows_64-9.1.0\Katalon_Studio_Windows_64-9.1.0\configuration\resources\lib\curvesapi-1.04.jar;C:\Users\ACER\.katalon\packages\Katalon_Studio_Windows_64-9.1.0\Katalon_Studio_Windows_64-9.1.0\configuration\resource
Launcher Type: SUN_STANDARD

[Global flags]
     intx CICompilerCount                          = 4                                         {product} {ergonomic}
     uint ConcGCThreads                            = 2                                         {product} {ergonomic}
     uint G1ConcRefinementThreads                  = 8                                         {product} {ergonomic}
   size_t G1HeapRegionSize                         = 1048576                                   {product} {ergonomic}
    uintx GCDrainStackTargetSize                   = 64                                        {product} {ergonomic}
   size_t InitialHeapSize                          = 266338304                                 {product} {ergonomic}
   size_t MarkStackSize                            = 4194304                                   {product} {ergonomic}
   size_t MaxHeapSize                              = 2147483648                                {product} {command line}
   size_t MaxNewSize                               = 1287651328                                {product} {ergonomic}
   size_t MinHeapDeltaBytes                        = 1048576                                   {product} {ergonomic}
   size_t MinHeapSize                              = 8388608                                   {product} {ergonomic}
    uintx NonNMethodCodeHeapSize                   = 5839372                                {pd product} {ergonomic}
    uintx NonProfiledCodeHeapSize                  = 122909434                              {pd product} {ergonomic}
    uintx ProfiledCodeHeapSize                     = 122909434                              {pd product} {ergonomic}
    uintx ReservedCodeCacheSize                    = 251658240                              {pd product} {ergonomic}
     bool SegmentedCodeCache                       = true                                      {product} {ergonomic}
     bool ShowCodeDetailsInExceptionMessages       = true                                   {manageable} {command line}
   size_t SoftMaxHeapSize                          = 2147483648                             {manageable} {ergonomic}
     bool UseCompressedClassPointers               = true                           {product lp64_product} {ergonomic}
     bool UseCompressedOops                        = true                           {product lp64_product} {ergonomic}
     bool UseG1GC                                  = true                                      {product} {ergonomic}
     bool UseLargePagesIndividualAllocation        = false                                  {pd product} {ergonomic}

Logging:
Log output configuration:
 #0: stdout all=warning uptime,level,tags
 #1: stderr all=off uptime,level,tags

Environment Variables:
PATH=C:/Users/ACER/.katalon/packages/Katalon_Studio_Windows_64-9.1.0/Katalon_Studio_Windows_64-9.1.0/jre/bin/server;C:/Users/ACER/.katalon/packages/Katalon_Studio_Windows_64-9.1.0/Katalon_Studio_Windows_64-9.1.0/jre/bin;C:\Program Files\Microsoft\jdk-11.0.16.101-hotspot\bin;C:\python\Scripts\;C:\python\;C:\Program Files\Common Files\Oracle\Java\javapath;C:\php;C:\Windows;C:\Windows\System32\Wbem;C:\Windows\System32\WindowsPowerShell\v1.0\;C:\Windows\System32\OpenSSH\;C:\Program Files (x86)\NVIDIA Corporation\PhysX\Common;C:\Program Files\NVIDIA Corporation\NVIDIA NvDLISR;C:\Program Files\Microsoft SQL Server\130\Tools\Binn\;C:\Program Files\Microsoft SQL Server\Client SDK\ODBC\170\Tools\Binn\;C:\xampp\php;C:\Program Files\Git\cmd;C:\Program Files (x86)\Microsoft SQL Server\150\Tools\Binn\;C:\Program Files\Microsoft SQL Server\150\Tools\Binn\;C:\Program Files\Microsoft SQL Server\150\DTS\Binn\;C:\Program Files\Azure Data Studio\bin;"C:\Windows\system32;";C:\Program Files\OpenSSL-Win64\bin;C:\WINDOWS\system32;C:\WINDOWS;C:\WINDOWS\System32\Wbem;C:\WINDOWS\System32\WindowsPowerShell\v1.0\;C:\WINDOWS\System32\OpenSSH\;C:\Program Files\Go\bin;C:\Program Files\dotnet\;C:\Program Files (x86)\Microsoft SQL Server\160\DTS\Binn\;C:\Program Files\Docker\Docker\resources\bin;C:\Program Files\nodejs\;C:\Program Files\k6\;C:\Users\ACER\AppData\Local\Microsoft\WindowsApps;D:\Microsoft VS Code\bin;D:\New folder\PyCharm Community Edition 2020.3\bin;C:\Users\ACER\AppData\Local\Programs\Microsoft VS Code\bin;C:\Program Files\JetBrains\IntelliJ IDEA 2021.3.2\bin;C:\Program Files\Azure Data Studio\bin;C:\Windows\System32;"C:\Windows;";"C:\Windows\System32\Wbem;C:\Users\ACER\go\bin;C:\Users\ACER\.dotnet\tools;C:\Users\ACER\AppData\Local\GitHubDesktop\bin;C:\Users\ACER\AppData\Local\afreeca;C:\Users\ACER\AppData\Roaming\npm;C:\Program Files\JetBrains\WebStorm 2023.2.2\bin;C:\Users\ACER\AppData\Local\JetBrains\Toolbox\scripts;;C:\Users\ACER\.katalon\packages\Katalon_Studio_Windows_64-9.1.0\Ka
USERNAME=ACER
OS=Windows_NT
PROCESSOR_IDENTIFIER=Intel64 Family 6 Model 165 Stepping 2, GenuineIntel
TMP=C:\Users\ACER\AppData\Local\Temp
TEMP=C:\Users\ACER\AppData\Local\Temp



---------------  S Y S T E M  ---------------

OS:
 Windows 10 , 64 bit Build 19041 (10.0.19041.3636)
OS uptime: 9 days 1:19 hours
Hyper-V role detected

CPU: total 8 (initial active 8) (4 cores per cpu, 2 threads per core) family 6 model 165 stepping 2 microcode 0xea, cx8, cmov, fxsr, ht, mmx, 3dnowpref, sse, sse2, sse3, ssse3, sse4.1, sse4.2, popcnt, lzcnt, tsc, tscinvbit, avx, avx2, aes, erms, clmul, bmi1, bmi2, adx, fma, vzeroupper, clflush, clflushopt, hv

Memory: 4k page, system-wide physical 16215M (3189M free)
TotalPageFile size 20311M (AvailPageFile size 5M)
current process WorkingSet (physical memory assigned to process): 265M, peak: 301M
current process commit charge ("private bytes"): 297M, peak: 411M

vm_info: OpenJDK 64-Bit Server VM (17.0.7+7) for windows-amd64 JRE (17.0.7+7), built on Apr 18 2023 22:10:42 by "temurin" with MS VC++ 16.7 (VS2019)

END.
